[09:13:54.185][SERVER][INFO]: Parsing recipe json: custommachinery:kjs_cemazvwbc2mc3trr85sivbuc3
[09:13:54.187][SERVER][INFO]: Successfully read recipe json: custommachinery:kjs_cemazvwbc2mc3trr85sivbuc3
[09:13:54.187][SERVER][INFO]: Parsing recipe json: custommachinery:kjs_6n2sumyldspvd6nk7p5i593tv
[09:13:54.188][SERVER][INFO]: Successfully read recipe json: custommachinery:kjs_6n2sumyldspvd6nk7p5i593tv
[09:13:54.188][SERVER][INFO]: Parsing recipe json: custommachinery:kjs_71q1bxb37n51ee0ukbyxeanip
[09:13:54.188][SERVER][INFO]: Successfully read recipe json: custommachinery:kjs_71q1bxb37n51ee0ukbyxeanip
[09:13:54.188][SERVER][INFO]: Parsing recipe json: custommachinery:kjs_dyptvtgscxtou0rzw2fwffr5i
[09:13:54.188][SERVER][INFO]: Successfully read recipe json: custommachinery:kjs_dyptvtgscxtou0rzw2fwffr5i
[09:13:54.188][SERVER][INFO]: Parsing recipe json: custommachinery:kjs_ck9gzggyhmsu87i9xvegnva66
[09:13:54.188][SERVER][INFO]: Successfully read recipe json: custommachinery:kjs_ck9gzggyhmsu87i9xvegnva66
[09:13:54.189][SERVER][INFO]: Parsing recipe json: custommachinery:kjs_7kh3eano1nqsfmhoipw2ptqi5
[09:13:54.189][SERVER][INFO]: Successfully read recipe json: custommachinery:kjs_7kh3eano1nqsfmhoipw2ptqi5
[09:13:54.189][SERVER][INFO]: Parsing recipe json: custommachinery:kjs_8vv9yshqhpuur2w7uur5cfiom
[09:13:54.189][SERVER][INFO]: Successfully read recipe json: custommachinery:kjs_8vv9yshqhpuur2w7uur5cfiom
[09:13:54.190][SERVER][INFO]: Parsing recipe json: custommachinery:kjs_d2epzywvkudjdl3d0428dp3rv
[09:13:54.190][SERVER][INFO]: Successfully read recipe json: custommachinery:kjs_d2epzywvkudjdl3d0428dp3rv
[09:13:54.190][SERVER][INFO]: Parsing recipe json: custommachinery:kjs_8k1jq2gu1cj3hmz08q2fmki6r
[09:13:54.190][SERVER][INFO]: Successfully read recipe json: custommachinery:kjs_8k1jq2gu1cj3hmz08q2fmki6r
[09:13:54.190][SERVER][INFO]: Parsing recipe json: custommachinery:kjs_eiqx7f8aqm8lcoz6o8p4d0bo1
[09:13:54.191][SERVER][INFO]: Successfully read recipe json: custommachinery:kjs_eiqx7f8aqm8lcoz6o8p4d0bo1
[09:13:54.191][SERVER][INFO]: Parsing recipe json: custommachinery:kjs_6h0jr5lskapg6qp53sem8vana
[09:13:54.191][SERVER][INFO]: Successfully read recipe json: custommachinery:kjs_6h0jr5lskapg6qp53sem8vana
[09:13:54.191][SERVER][INFO]: Parsing recipe json: custommachinery:kjs_4vciw8w3f4h4vdg3lrk9srlkl
[09:13:54.191][SERVER][INFO]: Successfully read recipe json: custommachinery:kjs_4vciw8w3f4h4vdg3lrk9srlkl
[09:13:54.191][SERVER][INFO]: Parsing recipe json: custommachinery:kjs_c04m597e5y6bg29vjlwr4uh1d
[09:13:54.191][SERVER][INFO]: Successfully read recipe json: custommachinery:kjs_c04m597e5y6bg29vjlwr4uh1d
[09:13:54.192][SERVER][INFO]: Parsing recipe json: custommachinery:kjs_2mhgk5gqpr4m63hnanmucb006
[09:13:54.192][SERVER][INFO]: Successfully read recipe json: custommachinery:kjs_2mhgk5gqpr4m63hnanmucb006
[09:13:54.192][SERVER][INFO]: Parsing recipe json: custommachinery:kjs_5ral252np5tigqxk8okqynl5o
[09:13:54.192][SERVER][INFO]: Successfully read recipe json: custommachinery:kjs_5ral252np5tigqxk8okqynl5o
[09:13:54.192][SERVER][INFO]: Parsing recipe json: custommachinery:kjs_3063jm2b57ewzodn9fyblnipm
[09:13:54.192][SERVER][INFO]: Successfully read recipe json: custommachinery:kjs_3063jm2b57ewzodn9fyblnipm
[09:13:54.192][SERVER][INFO]: Parsing recipe json: custommachinery:kjs_6578914r30dd757i8sqz1s4sw
[09:13:54.192][SERVER][INFO]: Successfully read recipe json: custommachinery:kjs_6578914r30dd757i8sqz1s4sw
[09:13:54.193][SERVER][INFO]: Parsing recipe json: custommachinery:kjs_cohtmv976jclk0cyw50cbokrj
[09:13:54.193][SERVER][INFO]: Successfully read recipe json: custommachinery:kjs_cohtmv976jclk0cyw50cbokrj
[09:13:54.193][SERVER][INFO]: Parsing recipe json: custommachinery:kjs_c8svyu41nq1sud9coy595ve4v
[09:13:54.193][SERVER][INFO]: Successfully read recipe json: custommachinery:kjs_c8svyu41nq1sud9coy595ve4v
[09:13:54.193][SERVER][INFO]: Parsing recipe json: custommachinery:kjs_bzvf3f3fmf00ds68saaj5vdg8
[09:13:54.193][SERVER][INFO]: Successfully read recipe json: custommachinery:kjs_bzvf3f3fmf00ds68saaj5vdg8
[09:13:54.194][SERVER][INFO]: Parsing recipe json: custommachinery:kjs_75tzv2p8o6d6052ne4y7rnxf
[09:13:54.194][SERVER][INFO]: Successfully read recipe json: custommachinery:kjs_75tzv2p8o6d6052ne4y7rnxf
[09:13:54.194][SERVER][INFO]: Parsing recipe json: custommachinery:kjs_8zgqrl5aw6df59bgxnh2u3ewb
[09:13:54.194][SERVER][INFO]: Successfully read recipe json: custommachinery:kjs_8zgqrl5aw6df59bgxnh2u3ewb
[09:13:54.194][SERVER][INFO]: Parsing recipe json: custommachinery:kjs_88k8q94xk0elcexhukyllgl6w
[09:13:54.195][SERVER][INFO]: Successfully read recipe json: custommachinery:kjs_88k8q94xk0elcexhukyllgl6w
[09:13:54.195][SERVER][INFO]: Parsing recipe json: custommachinery:kjs_edffeso6fiyhxlgvf4ogp7z84
[09:13:54.195][SERVER][INFO]: Successfully read recipe json: custommachinery:kjs_edffeso6fiyhxlgvf4ogp7z84
[09:13:54.196][SERVER][INFO]: Parsing recipe json: custommachinery:kjs_6uwatg96azqgfcuyioq1jgpr
[09:13:54.196][SERVER][INFO]: Successfully read recipe json: custommachinery:kjs_6uwatg96azqgfcuyioq1jgpr
[09:13:54.196][SERVER][INFO]: Parsing recipe json: custommachinery:kjs_bpj8gv1ump6h6ipyupl9rs4sc
[09:13:54.196][SERVER][INFO]: Successfully read recipe json: custommachinery:kjs_bpj8gv1ump6h6ipyupl9rs4sc
[09:13:54.196][SERVER][INFO]: Parsing recipe json: custommachinery:kjs_c17ipctfgcizk3qzq6g3127w6
[09:13:54.196][SERVER][INFO]: Successfully read recipe json: custommachinery:kjs_c17ipctfgcizk3qzq6g3127w6
[09:13:54.196][SERVER][INFO]: Parsing recipe json: custommachinery:kjs_day2qkzrqaedyxq2szv76ijvx
[09:13:54.196][SERVER][INFO]: Successfully read recipe json: custommachinery:kjs_day2qkzrqaedyxq2szv76ijvx
[09:13:54.197][SERVER][INFO]: Parsing recipe json: custommachinery:kjs_92q75i807b06g6kuk1lvu9jni
[09:13:54.197][SERVER][INFO]: Successfully read recipe json: custommachinery:kjs_92q75i807b06g6kuk1lvu9jni
[09:13:54.197][SERVER][INFO]: Parsing recipe json: custommachinery:kjs_437xjtapsyfs3qn1jlhkfxyeg
[09:13:54.197][SERVER][INFO]: Successfully read recipe json: custommachinery:kjs_437xjtapsyfs3qn1jlhkfxyeg
[09:13:54.197][SERVER][INFO]: Parsing recipe json: custommachinery:kjs_cxvkihwsq22hxqs9ulozvr0tw
[09:13:54.197][SERVER][INFO]: Successfully read recipe json: custommachinery:kjs_cxvkihwsq22hxqs9ulozvr0tw
[09:13:54.197][SERVER][INFO]: Parsing recipe json: custommachinery:kjs_1yy2l12nfmwamlvg8sc4er5r4
[09:13:54.197][SERVER][INFO]: Successfully read recipe json: custommachinery:kjs_1yy2l12nfmwamlvg8sc4er5r4
[09:13:54.198][SERVER][INFO]: Parsing recipe json: custommachinery:kjs_ciqdfvwty2jhrqlvudrbb65hj
[09:13:54.198][SERVER][INFO]: Successfully read recipe json: custommachinery:kjs_ciqdfvwty2jhrqlvudrbb65hj
[09:13:54.198][SERVER][INFO]: Parsing recipe json: custommachinery:kjs_a6at5dj2s4qaa0zdkioxnt6dd
[09:13:54.198][SERVER][INFO]: Successfully read recipe json: custommachinery:kjs_a6at5dj2s4qaa0zdkioxnt6dd
[09:13:54.199][SERVER][INFO]: Parsing recipe json: custommachinery:kjs_aceiel39sl6awd7gkg0cp6zpe
[09:13:54.199][SERVER][INFO]: Successfully read recipe json: custommachinery:kjs_aceiel39sl6awd7gkg0cp6zpe
[09:13:54.199][SERVER][INFO]: Parsing recipe json: custommachinery:kjs_1af41h5ylxn5gumunb9fod6of
[09:13:54.199][SERVER][INFO]: Successfully read recipe json: custommachinery:kjs_1af41h5ylxn5gumunb9fod6of
[09:13:54.199][SERVER][INFO]: Parsing recipe json: custommachinery:kjs_6amdgtp2lp3bydoqmthnq2smw
[09:13:54.199][SERVER][INFO]: Successfully read recipe json: custommachinery:kjs_6amdgtp2lp3bydoqmthnq2smw
[09:13:54.199][SERVER][INFO]: Parsing recipe json: custommachinery:kjs_5nagvl7pt4oy50txa7rzv2kjy
[09:13:54.199][SERVER][INFO]: Successfully read recipe json: custommachinery:kjs_5nagvl7pt4oy50txa7rzv2kjy
[09:13:54.200][SERVER][INFO]: Parsing recipe json: custommachinery:kjs_52bc3qw9vngcwjygpacwo0t3t
[09:13:54.200][SERVER][INFO]: Successfully read recipe json: custommachinery:kjs_52bc3qw9vngcwjygpacwo0t3t
[09:13:54.200][SERVER][INFO]: Parsing recipe json: custommachinery:kjs_d3kprn4kou0u8q9el3ci76ktd
[09:13:54.200][SERVER][INFO]: Successfully read recipe json: custommachinery:kjs_d3kprn4kou0u8q9el3ci76ktd
[09:13:54.200][SERVER][INFO]: Parsing recipe json: custommachinery:kjs_42kj1osmtm9iso4655xbnynxa
[09:13:54.201][SERVER][INFO]: Successfully read recipe json: custommachinery:kjs_42kj1osmtm9iso4655xbnynxa
[09:13:54.201][SERVER][INFO]: Parsing recipe json: custommachinery:kjs_9gl7b1gvh682bbhy7bzifsrtj
[09:13:54.201][SERVER][INFO]: Successfully read recipe json: custommachinery:kjs_9gl7b1gvh682bbhy7bzifsrtj
[09:13:54.201][SERVER][INFO]: Parsing recipe json: custommachinery:kjs_1t7ivaem44fqcnn49u5daqgvu
[09:13:54.201][SERVER][INFO]: Successfully read recipe json: custommachinery:kjs_1t7ivaem44fqcnn49u5daqgvu
[09:13:54.201][SERVER][INFO]: Parsing recipe json: custommachinery:kjs_b6i35alwcmuo5d4r5l49anoqb
[09:13:54.201][SERVER][INFO]: Successfully read recipe json: custommachinery:kjs_b6i35alwcmuo5d4r5l49anoqb
[09:13:54.201][SERVER][INFO]: Parsing recipe json: custommachinery:kjs_3u5bbuh4ms7ndh6q60zbz69sq
[09:13:54.202][SERVER][INFO]: Successfully read recipe json: custommachinery:kjs_3u5bbuh4ms7ndh6q60zbz69sq
[09:13:54.202][SERVER][INFO]: Parsing recipe json: custommachinery:kjs_2755zdgqc7eaxmnwbbdn29xlp
[09:13:54.202][SERVER][INFO]: Successfully read recipe json: custommachinery:kjs_2755zdgqc7eaxmnwbbdn29xlp
[09:13:54.202][SERVER][INFO]: Parsing recipe json: custommachinery:kjs_1ka7dk61frnc60lzqnqks8vp2
[09:13:54.203][SERVER][INFO]: Successfully read recipe json: custommachinery:kjs_1ka7dk61frnc60lzqnqks8vp2
[09:13:54.203][SERVER][INFO]: Parsing recipe json: custommachinery:kjs_3ht19569vqw8cavg4u2tyd4mn
[09:13:54.203][SERVER][INFO]: Successfully read recipe json: custommachinery:kjs_3ht19569vqw8cavg4u2tyd4mn
[09:13:54.203][SERVER][INFO]: Parsing recipe json: custommachinery:kjs_18alhnbe20xmp0m1cnlzcg82u
[09:13:54.203][SERVER][INFO]: Successfully read recipe json: custommachinery:kjs_18alhnbe20xmp0m1cnlzcg82u
[09:13:54.203][SERVER][INFO]: Parsing recipe json: custommachinery:kjs_5ywjcbgl5591i57uhxij30525
[09:13:54.203][SERVER][INFO]: Successfully read recipe json: custommachinery:kjs_5ywjcbgl5591i57uhxij30525
[09:13:54.203][SERVER][INFO]: Parsing recipe json: custommachinery:kjs_92bjf9mu971lssd15l1pjzms9
[09:13:54.204][SERVER][INFO]: Successfully read recipe json: custommachinery:kjs_92bjf9mu971lssd15l1pjzms9
[09:13:54.204][SERVER][INFO]: Parsing recipe json: custommachinery:kjs_2z4jwoc7xa0xfqjf1gmg9ndvj
[09:13:54.204][SERVER][INFO]: Successfully read recipe json: custommachinery:kjs_2z4jwoc7xa0xfqjf1gmg9ndvj
[09:13:54.204][SERVER][INFO]: Parsing recipe json: custommachinery:kjs_8cktf0nkxb84w0plibvdrlv0l
[09:13:54.204][SERVER][INFO]: Successfully read recipe json: custommachinery:kjs_8cktf0nkxb84w0plibvdrlv0l
[09:13:54.204][SERVER][INFO]: Parsing recipe json: custommachinery:kjs_d7wlc2spd7nmkgnqejnqmq8ca
[09:13:54.204][SERVER][INFO]: Successfully read recipe json: custommachinery:kjs_d7wlc2spd7nmkgnqejnqmq8ca
[09:13:54.205][SERVER][INFO]: Parsing recipe json: custommachinery:kjs_ejqo2scuu9gycdboogbmz9r09
[09:13:54.205][SERVER][INFO]: Successfully read recipe json: custommachinery:kjs_ejqo2scuu9gycdboogbmz9r09
[09:13:54.206][SERVER][INFO]: Parsing recipe json: custommachinery:kjs_bmx1benif27ur2y17fi4b1u21
[09:13:54.206][SERVER][INFO]: Successfully read recipe json: custommachinery:kjs_bmx1benif27ur2y17fi4b1u21
[09:13:54.206][SERVER][INFO]: Parsing recipe json: custommachinery:kjs_2723mpgoter2dc0jxbgot5x3t
[09:13:54.206][SERVER][INFO]: Successfully read recipe json: custommachinery:kjs_2723mpgoter2dc0jxbgot5x3t
[09:13:54.207][SERVER][INFO]: Parsing recipe json: custommachinery:kjs_e11jzdcunnq0nt5g1pjqndrbx
[09:13:54.207][SERVER][INFO]: Successfully read recipe json: custommachinery:kjs_e11jzdcunnq0nt5g1pjqndrbx
[09:13:54.207][SERVER][INFO]: Parsing recipe json: custommachinery:kjs_dtih9fyull6xnookmhzjvjwzd
[09:13:54.207][SERVER][INFO]: Successfully read recipe json: custommachinery:kjs_dtih9fyull6xnookmhzjvjwzd
[09:13:54.207][SERVER][INFO]: Parsing recipe json: custommachinery:kjs_8w9zpsn8haiatfu1l5fhac8fq
[09:13:54.207][SERVER][INFO]: Successfully read recipe json: custommachinery:kjs_8w9zpsn8haiatfu1l5fhac8fq
[09:13:54.207][SERVER][INFO]: Parsing recipe json: custommachinery:kjs_1dyifoguuf8rx4hjg5rifoiva
[09:13:54.208][SERVER][INFO]: Successfully read recipe json: custommachinery:kjs_1dyifoguuf8rx4hjg5rifoiva
[09:13:54.208][SERVER][INFO]: Parsing recipe json: custommachinery:kjs_2ary2qh76k9mq1rxv9gpyurbw
[09:13:54.208][SERVER][INFO]: Successfully read recipe json: custommachinery:kjs_2ary2qh76k9mq1rxv9gpyurbw
[09:13:54.208][SERVER][INFO]: Parsing recipe json: custommachinery:kjs_b51ifaolxf20jwhqvmwtpon4h
[09:13:54.208][SERVER][INFO]: Successfully read recipe json: custommachinery:kjs_b51ifaolxf20jwhqvmwtpon4h
[09:13:54.208][SERVER][INFO]: Parsing recipe json: custommachinery:kjs_eq6rboa4tzmryayms1i96tbv
[09:13:54.208][SERVER][INFO]: Successfully read recipe json: custommachinery:kjs_eq6rboa4tzmryayms1i96tbv
[09:13:54.208][SERVER][INFO]: Parsing recipe json: custommachinery:kjs_45d4vz7lryipysg7ccezk7zwc
[09:13:54.208][SERVER][INFO]: Successfully read recipe json: custommachinery:kjs_45d4vz7lryipysg7ccezk7zwc
[09:13:54.209][SERVER][INFO]: Parsing recipe json: custommachinery:kjs_8a4fclqpw5mw4vbmso2aq59ij
[09:13:54.209][SERVER][INFO]: Successfully read recipe json: custommachinery:kjs_8a4fclqpw5mw4vbmso2aq59ij
[09:13:54.209][SERVER][INFO]: Parsing recipe json: custommachinery:kjs_7k6tlorxhdve3zty3arz2uf6g
[09:13:54.209][SERVER][INFO]: Successfully read recipe json: custommachinery:kjs_7k6tlorxhdve3zty3arz2uf6g
[09:13:54.209][SERVER][INFO]: Parsing recipe json: custommachinery:kjs_7o1xtq8t2iuljn4s2n54wtdz3
[09:13:54.209][SERVER][INFO]: Successfully read recipe json: custommachinery:kjs_7o1xtq8t2iuljn4s2n54wtdz3
[09:13:54.209][SERVER][INFO]: Parsing recipe json: custommachinery:kjs_euycohajd4dvur77iah954u0w
[09:13:54.209][SERVER][INFO]: Successfully read recipe json: custommachinery:kjs_euycohajd4dvur77iah954u0w
[09:13:54.209][SERVER][INFO]: Parsing recipe json: custommachinery:kjs_94sh6slpp5walg4tmwm8zyfy8
[09:13:54.210][SERVER][INFO]: Successfully read recipe json: custommachinery:kjs_94sh6slpp5walg4tmwm8zyfy8
[09:13:54.210][SERVER][INFO]: Parsing recipe json: custommachinery:kjs_e2lrd2w1l6d31y10p6ua5nz2d
[09:13:54.210][SERVER][INFO]: Successfully read recipe json: custommachinery:kjs_e2lrd2w1l6d31y10p6ua5nz2d
[09:13:54.210][SERVER][INFO]: Parsing recipe json: custommachinery:kjs_3dkkz0yw0yut101lr6v0qvih7
[09:13:54.210][SERVER][INFO]: Successfully read recipe json: custommachinery:kjs_3dkkz0yw0yut101lr6v0qvih7
[09:13:54.210][SERVER][INFO]: Parsing recipe json: custommachinery:kjs_9cs318hlkmr1v7mcpuwwl7wgj
[09:13:54.210][SERVER][INFO]: Successfully read recipe json: custommachinery:kjs_9cs318hlkmr1v7mcpuwwl7wgj
[09:13:54.210][SERVER][INFO]: Parsing recipe json: custommachinery:kjs_1ns29y4pobfaw8wvbsiyhg8bx
[09:13:54.210][SERVER][INFO]: Successfully read recipe json: custommachinery:kjs_1ns29y4pobfaw8wvbsiyhg8bx
[09:13:54.211][SERVER][INFO]: Parsing recipe json: custommachinery:kjs_dfol3m9ozx25sphqimf5ip2s8
[09:13:54.211][SERVER][INFO]: Successfully read recipe json: custommachinery:kjs_dfol3m9ozx25sphqimf5ip2s8
[09:13:54.211][SERVER][INFO]: Parsing recipe json: custommachinery:kjs_aqlu95hsih7rhai28ga30hgkl
[09:13:54.211][SERVER][INFO]: Successfully read recipe json: custommachinery:kjs_aqlu95hsih7rhai28ga30hgkl
[09:13:54.211][SERVER][INFO]: Parsing recipe json: custommachinery:kjs_8al3hzwbt66u7ti7nlq6ao9yf
[09:13:54.211][SERVER][INFO]: Successfully read recipe json: custommachinery:kjs_8al3hzwbt66u7ti7nlq6ao9yf
[09:13:54.211][SERVER][INFO]: Parsing recipe json: custommachinery:kjs_1jrzh3kxywthe3ouhlllicjwc
[09:13:54.211][SERVER][INFO]: Successfully read recipe json: custommachinery:kjs_1jrzh3kxywthe3ouhlllicjwc
[09:13:54.211][SERVER][INFO]: Parsing recipe json: custommachinery:kjs_5s4nb23u4scij9hud643vq2je
[09:13:54.212][SERVER][INFO]: Successfully read recipe json: custommachinery:kjs_5s4nb23u4scij9hud643vq2je
[09:13:54.212][SERVER][INFO]: Parsing recipe json: custommachinery:kjs_21jimrdb9phj49yadraqfq7p9
[09:13:54.212][SERVER][INFO]: Successfully read recipe json: custommachinery:kjs_21jimrdb9phj49yadraqfq7p9
[09:13:54.212][SERVER][INFO]: Parsing recipe json: custommachinery:kjs_1v1hjsbw2yps44n718cwnwvie
[09:13:54.212][SERVER][INFO]: Successfully read recipe json: custommachinery:kjs_1v1hjsbw2yps44n718cwnwvie
[09:13:54.212][SERVER][INFO]: Parsing recipe json: custommachinery:kjs_2qk1vcp8yh2djmp3walhw9xou
[09:13:54.212][SERVER][INFO]: Successfully read recipe json: custommachinery:kjs_2qk1vcp8yh2djmp3walhw9xou
[09:13:54.213][SERVER][INFO]: Parsing recipe json: custommachinery:kjs_bqhs7vx3785u8ka2dtq4pwax
[09:13:54.213][SERVER][INFO]: Successfully read recipe json: custommachinery:kjs_bqhs7vx3785u8ka2dtq4pwax
[09:13:54.213][SERVER][INFO]: Parsing recipe json: custommachinery:kjs_60khb6mc7ht3k7b70d7ymxs3f
[09:13:54.213][SERVER][INFO]: Successfully read recipe json: custommachinery:kjs_60khb6mc7ht3k7b70d7ymxs3f
[09:13:54.213][SERVER][INFO]: Parsing recipe json: custommachinery:kjs_2cp9tsnn6qefaxwri51hv7kud
[09:13:54.213][SERVER][INFO]: Successfully read recipe json: custommachinery:kjs_2cp9tsnn6qefaxwri51hv7kud
[09:13:54.213][SERVER][INFO]: Parsing recipe json: custommachinery:kjs_cgk3rlut68azml9fgiomo3s9z
[09:13:54.213][SERVER][INFO]: Successfully read recipe json: custommachinery:kjs_cgk3rlut68azml9fgiomo3s9z
[09:13:54.214][SERVER][INFO]: Parsing recipe json: custommachinery:kjs_a90r3ftitzuqjdhr231b5fhqm
[09:13:54.214][SERVER][INFO]: Successfully read recipe json: custommachinery:kjs_a90r3ftitzuqjdhr231b5fhqm
[09:13:54.214][SERVER][INFO]: Parsing recipe json: custommachinery:kjs_2llryj3a02f17h92hswqi98js
[09:13:54.214][SERVER][INFO]: Successfully read recipe json: custommachinery:kjs_2llryj3a02f17h92hswqi98js
[09:13:54.214][SERVER][INFO]: Parsing recipe json: custommachinery:kjs_d7fr6js5sgn8jrc7661r3cg3a
[09:13:54.214][SERVER][INFO]: Successfully read recipe json: custommachinery:kjs_d7fr6js5sgn8jrc7661r3cg3a
[09:13:54.214][SERVER][INFO]: Parsing recipe json: custommachinery:kjs_ae5er55uloxlakhqcsu2e9j6h
[09:13:54.214][SERVER][INFO]: Successfully read recipe json: custommachinery:kjs_ae5er55uloxlakhqcsu2e9j6h
[09:13:54.215][SERVER][INFO]: Parsing recipe json: custommachinery:kjs_4bai7i0cnd2k75es4uu16im05
[09:13:54.215][SERVER][INFO]: Successfully read recipe json: custommachinery:kjs_4bai7i0cnd2k75es4uu16im05
[09:13:54.215][SERVER][INFO]: Parsing recipe json: custommachinery:kjs_dn6b9z951ya5oevlsgcbad3lj
[09:13:54.215][SERVER][INFO]: Successfully read recipe json: custommachinery:kjs_dn6b9z951ya5oevlsgcbad3lj
[09:13:54.215][SERVER][INFO]: Parsing recipe json: custommachinery:kjs_7wns8rr09bwcs3zvqavg5sxwq
[09:13:54.215][SERVER][INFO]: Successfully read recipe json: custommachinery:kjs_7wns8rr09bwcs3zvqavg5sxwq
[09:13:54.215][SERVER][INFO]: Parsing recipe json: custommachinery:kjs_25jg3ykxeitgjd7k3cy3m1rgk
[09:13:54.215][SERVER][INFO]: Successfully read recipe json: custommachinery:kjs_25jg3ykxeitgjd7k3cy3m1rgk
[09:13:54.215][SERVER][INFO]: Parsing recipe json: custommachinery:kjs_cs4agelcyl8bhrytgf0nk6hb5
[09:13:54.216][SERVER][INFO]: Successfully read recipe json: custommachinery:kjs_cs4agelcyl8bhrytgf0nk6hb5
[09:13:54.216][SERVER][INFO]: Parsing recipe json: custommachinery:kjs_7w0rxy8y2hrkuqb0mpphrak5m
[09:13:54.216][SERVER][INFO]: Successfully read recipe json: custommachinery:kjs_7w0rxy8y2hrkuqb0mpphrak5m
[09:13:54.216][SERVER][INFO]: Parsing recipe json: custommachinery:kjs_8ldohg80l2z148y73g7opr3r7
[09:13:54.216][SERVER][INFO]: Successfully read recipe json: custommachinery:kjs_8ldohg80l2z148y73g7opr3r7
[09:13:54.216][SERVER][INFO]: Parsing recipe json: custommachinery:kjs_7m1rmwstgeg65ia5a3weyu2n4
[09:13:54.216][SERVER][INFO]: Successfully read recipe json: custommachinery:kjs_7m1rmwstgeg65ia5a3weyu2n4
[09:13:54.216][SERVER][INFO]: Parsing recipe json: custommachinery:kjs_f3gtv67cwiblfw7vsfezf4nu0
[09:13:54.216][SERVER][INFO]: Successfully read recipe json: custommachinery:kjs_f3gtv67cwiblfw7vsfezf4nu0
[09:13:54.217][SERVER][INFO]: Parsing recipe json: custommachinery:kjs_2ofctfqo3n22uvyat6qntq0v
[09:13:54.217][SERVER][INFO]: Successfully read recipe json: custommachinery:kjs_2ofctfqo3n22uvyat6qntq0v
[09:13:54.217][SERVER][INFO]: Parsing recipe json: custommachinery:kjs_6pvmqqah2rrwlk14862umuw4i
[09:13:54.217][SERVER][INFO]: Successfully read recipe json: custommachinery:kjs_6pvmqqah2rrwlk14862umuw4i
[09:13:54.217][SERVER][INFO]: Parsing recipe json: custommachinery:kjs_cgpzma6b7o5k53onjrdx6lxlg
[09:13:54.217][SERVER][INFO]: Successfully read recipe json: custommachinery:kjs_cgpzma6b7o5k53onjrdx6lxlg
[09:13:54.217][SERVER][INFO]: Parsing recipe json: custommachinery:kjs_ejk76wjmipy8vv7dciivyz3w
[09:13:54.217][SERVER][INFO]: Successfully read recipe json: custommachinery:kjs_ejk76wjmipy8vv7dciivyz3w
[09:13:54.217][SERVER][INFO]: Parsing recipe json: custommachinery:kjs_4pr13ko454y6gnktqo4qxxzkq
[09:13:54.217][SERVER][INFO]: Successfully read recipe json: custommachinery:kjs_4pr13ko454y6gnktqo4qxxzkq
[09:13:54.217][SERVER][INFO]: Parsing recipe json: custommachinery:kjs_coskenj4sus8blx61bkw7gjlo
[09:13:54.218][SERVER][INFO]: Successfully read recipe json: custommachinery:kjs_coskenj4sus8blx61bkw7gjlo
[09:13:54.218][SERVER][INFO]: Parsing recipe json: custommachinery:kjs_2q0eolyt6x43w3fctk3i65wjj
[09:13:54.218][SERVER][INFO]: Successfully read recipe json: custommachinery:kjs_2q0eolyt6x43w3fctk3i65wjj
[09:13:54.218][SERVER][INFO]: Parsing recipe json: custommachinery:kjs_d07sy52xpx2opmdmis3xp92e
[09:13:54.218][SERVER][INFO]: Successfully read recipe json: custommachinery:kjs_d07sy52xpx2opmdmis3xp92e
[09:13:54.218][SERVER][INFO]: Parsing recipe json: custommachinery:kjs_7rluu7fzqorfb231yia0iv3r2
[09:13:54.218][SERVER][INFO]: Successfully read recipe json: custommachinery:kjs_7rluu7fzqorfb231yia0iv3r2
[09:13:54.218][SERVER][INFO]: Parsing recipe json: custommachinery:kjs_g8uad7v7bvm0pfymimp3lhxu
[09:13:54.218][SERVER][INFO]: Successfully read recipe json: custommachinery:kjs_g8uad7v7bvm0pfymimp3lhxu
[09:13:54.218][SERVER][INFO]: Parsing recipe json: custommachinery:kjs_6morth1w7xyybqpmcok5lvgnf
[09:13:54.218][SERVER][INFO]: Successfully read recipe json: custommachinery:kjs_6morth1w7xyybqpmcok5lvgnf
[09:13:54.219][SERVER][INFO]: Parsing recipe json: custommachinery:kjs_2ljr5462o4jigxof0tlgqcmfq
[09:13:54.219][SERVER][INFO]: Successfully read recipe json: custommachinery:kjs_2ljr5462o4jigxof0tlgqcmfq
[09:13:54.219][SERVER][INFO]: Parsing recipe json: custommachinery:kjs_6bajmozty870mwv4k6mkcd97m
[09:13:54.219][SERVER][INFO]: Successfully read recipe json: custommachinery:kjs_6bajmozty870mwv4k6mkcd97m
[09:13:54.219][SERVER][INFO]: Parsing recipe json: custommachinery:kjs_bqohm89pvs0ell46wfdh9jfkk
[09:13:54.219][SERVER][INFO]: Successfully read recipe json: custommachinery:kjs_bqohm89pvs0ell46wfdh9jfkk
[09:13:54.219][SERVER][INFO]: Parsing recipe json: custommachinery:kjs_1m03qyll7duy5p569jkebqjdl
[09:13:54.219][SERVER][INFO]: Successfully read recipe json: custommachinery:kjs_1m03qyll7duy5p569jkebqjdl
[09:13:54.219][SERVER][INFO]: Parsing recipe json: custommachinery:kjs_5ibq6p3txmb747h68tjo2ckqd
[09:13:54.219][SERVER][INFO]: Successfully read recipe json: custommachinery:kjs_5ibq6p3txmb747h68tjo2ckqd
[09:13:54.220][SERVER][INFO]: Parsing recipe json: custommachinery:kjs_ytk8tiuik9z6eqevu6chn2v5
[09:13:54.220][SERVER][INFO]: Successfully read recipe json: custommachinery:kjs_ytk8tiuik9z6eqevu6chn2v5
[09:13:54.220][SERVER][INFO]: Parsing recipe json: custommachinery:kjs_2d6j84yqql8zftx0vd0s5xu9y
[09:13:54.220][SERVER][INFO]: Successfully read recipe json: custommachinery:kjs_2d6j84yqql8zftx0vd0s5xu9y
[09:13:54.220][SERVER][INFO]: Parsing recipe json: custommachinery:kjs_47p2bsjmacft2ov1w5ik6pa9
[09:13:54.220][SERVER][INFO]: Successfully read recipe json: custommachinery:kjs_47p2bsjmacft2ov1w5ik6pa9
[09:13:54.220][SERVER][INFO]: Parsing recipe json: custommachinery:kjs_3qvax96wb6jnf366yn4bw4nme
[09:13:54.220][SERVER][INFO]: Successfully read recipe json: custommachinery:kjs_3qvax96wb6jnf366yn4bw4nme
[09:13:54.221][SERVER][INFO]: Parsing recipe json: custommachinery:kjs_9kc5dae2e7ni6sj0kk1s04uz4
[09:13:54.221][SERVER][INFO]: Successfully read recipe json: custommachinery:kjs_9kc5dae2e7ni6sj0kk1s04uz4
[09:13:54.221][SERVER][INFO]: Parsing recipe json: custommachinery:kjs_97lvw7s2yd7y6we4punv85joi
[09:13:54.221][SERVER][INFO]: Successfully read recipe json: custommachinery:kjs_97lvw7s2yd7y6we4punv85joi
[09:13:54.221][SERVER][INFO]: Parsing recipe json: custommachinery:kjs_2ajstfae1raviic0wcq1e15c1
[09:13:54.221][SERVER][INFO]: Successfully read recipe json: custommachinery:kjs_2ajstfae1raviic0wcq1e15c1
[09:13:54.221][SERVER][INFO]: Parsing recipe json: custommachinery:kjs_ey9xh2cv3f13y9y7x7bjsst0y
[09:13:54.221][SERVER][INFO]: Successfully read recipe json: custommachinery:kjs_ey9xh2cv3f13y9y7x7bjsst0y
[09:13:54.221][SERVER][INFO]: Parsing recipe json: custommachinery:kjs_26wbh4aape293rish34xjt7k5
[09:13:54.222][SERVER][INFO]: Successfully read recipe json: custommachinery:kjs_26wbh4aape293rish34xjt7k5
[09:13:54.222][SERVER][INFO]: Parsing recipe json: custommachinery:kjs_1tu3ywx8tg5kgggr3m44kbqxx
[09:13:54.222][SERVER][INFO]: Successfully read recipe json: custommachinery:kjs_1tu3ywx8tg5kgggr3m44kbqxx
[09:13:54.222][SERVER][INFO]: Parsing recipe json: custommachinery:kjs_52um4kkfz7qf5ot31gf41v7fx
[09:13:54.222][SERVER][INFO]: Successfully read recipe json: custommachinery:kjs_52um4kkfz7qf5ot31gf41v7fx
[09:13:54.222][SERVER][INFO]: Parsing recipe json: custommachinery:kjs_9o4jtw9o8l6u6eala2obdjpp7
[09:13:54.222][SERVER][INFO]: Successfully read recipe json: custommachinery:kjs_9o4jtw9o8l6u6eala2obdjpp7
[09:13:54.222][SERVER][INFO]: Parsing recipe json: custommachinery:kjs_c26blbjuat581zocyzp62ftci
[09:13:54.222][SERVER][INFO]: Successfully read recipe json: custommachinery:kjs_c26blbjuat581zocyzp62ftci
[09:13:54.223][SERVER][INFO]: Parsing recipe json: custommachinery:kjs_dyc07xknsipxvcd8nzpqoztmp
[09:13:54.223][SERVER][INFO]: Successfully read recipe json: custommachinery:kjs_dyc07xknsipxvcd8nzpqoztmp
[09:13:54.223][SERVER][INFO]: Parsing recipe json: custommachinery:kjs_5d0zk2s73uuabzvwb8rebk3ie
[09:13:54.223][SERVER][INFO]: Successfully read recipe json: custommachinery:kjs_5d0zk2s73uuabzvwb8rebk3ie
[09:13:54.223][SERVER][INFO]: Parsing recipe json: custommachinery:kjs_eax9xa53eytxqdd61ak898z7h
[09:13:54.223][SERVER][INFO]: Successfully read recipe json: custommachinery:kjs_eax9xa53eytxqdd61ak898z7h
[09:13:54.223][SERVER][INFO]: Parsing recipe json: custommachinery:kjs_7myl4fs4qtuolb7c5k7hc4arf
[09:13:54.224][SERVER][INFO]: Successfully read recipe json: custommachinery:kjs_7myl4fs4qtuolb7c5k7hc4arf
[09:13:54.224][SERVER][INFO]: Parsing recipe json: custommachinery:kjs_c2c174pcbptaad3x2s13zqmec
[09:13:54.224][SERVER][INFO]: Successfully read recipe json: custommachinery:kjs_c2c174pcbptaad3x2s13zqmec
[09:13:54.224][SERVER][INFO]: Parsing recipe json: custommachinery:kjs_3np0utx7p277f4fi1unp0klg9
[09:13:54.224][SERVER][INFO]: Successfully read recipe json: custommachinery:kjs_3np0utx7p277f4fi1unp0klg9
[09:13:54.224][SERVER][INFO]: Parsing recipe json: custommachinery:kjs_1nrm88f3j5yrjajqv6p7e1w48
[09:13:54.224][SERVER][INFO]: Successfully read recipe json: custommachinery:kjs_1nrm88f3j5yrjajqv6p7e1w48
[09:13:54.225][SERVER][INFO]: Parsing recipe json: custommachinery:kjs_9jboy1t7iatykki7y9co2ada8
[09:13:54.225][SERVER][INFO]: Successfully read recipe json: custommachinery:kjs_9jboy1t7iatykki7y9co2ada8
[09:13:54.225][SERVER][INFO]: Parsing recipe json: custommachinery:kjs_1nclenim6dkmvm59cgnw0ntrc
[09:13:54.225][SERVER][INFO]: Successfully read recipe json: custommachinery:kjs_1nclenim6dkmvm59cgnw0ntrc
[09:13:54.225][SERVER][INFO]: Parsing recipe json: custommachinery:kjs_5g2q62dkavqwfmwmo30rxeenk
[09:13:54.225][SERVER][INFO]: Successfully read recipe json: custommachinery:kjs_5g2q62dkavqwfmwmo30rxeenk
[09:13:54.226][SERVER][INFO]: Parsing recipe json: custommachinery:kjs_8oo1i811r6jqaygkoz5f870fr
[09:13:54.226][SERVER][INFO]: Successfully read recipe json: custommachinery:kjs_8oo1i811r6jqaygkoz5f870fr
[09:13:54.226][SERVER][INFO]: Parsing recipe json: custommachinery:kjs_a9ka5jsadghqjr9dlpkwnihu3
[09:13:54.226][SERVER][INFO]: Successfully read recipe json: custommachinery:kjs_a9ka5jsadghqjr9dlpkwnihu3
[09:13:54.226][SERVER][INFO]: Parsing recipe json: custommachinery:kjs_15yut7f8hqzyn0orgxwk31e7f
[09:13:54.226][SERVER][INFO]: Successfully read recipe json: custommachinery:kjs_15yut7f8hqzyn0orgxwk31e7f
[09:13:54.226][SERVER][INFO]: Parsing recipe json: custommachinery:kjs_616p86g2vup34kg5yos9z1j
[09:13:54.226][SERVER][INFO]: Successfully read recipe json: custommachinery:kjs_616p86g2vup34kg5yos9z1j
[09:13:54.227][SERVER][INFO]: Parsing recipe json: custommachinery:kjs_486y6vnfwpi1s48gp5pcmltj5
[09:13:54.227][SERVER][INFO]: Successfully read recipe json: custommachinery:kjs_486y6vnfwpi1s48gp5pcmltj5
[09:13:54.227][SERVER][INFO]: Parsing recipe json: custommachinery:kjs_8t4n8gft848wpzbrdk8w90wnt
[09:13:54.227][SERVER][INFO]: Successfully read recipe json: custommachinery:kjs_8t4n8gft848wpzbrdk8w90wnt
[09:13:54.227][SERVER][INFO]: Parsing recipe json: custommachinery:kjs_6ram1z70xmszdhor9zry0hjmf
[09:13:54.227][SERVER][INFO]: Successfully read recipe json: custommachinery:kjs_6ram1z70xmszdhor9zry0hjmf
[09:13:54.227][SERVER][INFO]: Parsing recipe json: custommachinery:kjs_853x6mxerkavnylqp1zzdpgf6
[09:13:54.227][SERVER][INFO]: Successfully read recipe json: custommachinery:kjs_853x6mxerkavnylqp1zzdpgf6
[09:13:54.227][SERVER][INFO]: Parsing recipe json: custommachinery:kjs_1nnurijcm15k8ajovcacug5f2
[09:13:54.228][SERVER][INFO]: Successfully read recipe json: custommachinery:kjs_1nnurijcm15k8ajovcacug5f2
[09:13:54.228][SERVER][INFO]: Parsing recipe json: custommachinery:kjs_72puxoouf76l4vhcz8s7lgt6t
[09:13:54.228][SERVER][INFO]: Successfully read recipe json: custommachinery:kjs_72puxoouf76l4vhcz8s7lgt6t
[09:13:54.228][SERVER][INFO]: Parsing recipe json: custommachinery:kjs_bdeaes2sysh5qsshb5dpr53fe
[09:13:54.228][SERVER][INFO]: Successfully read recipe json: custommachinery:kjs_bdeaes2sysh5qsshb5dpr53fe
[09:13:54.228][SERVER][INFO]: Parsing recipe json: custommachinery:kjs_f2b2cuk1am39vlhxlck23zopy
[09:13:54.228][SERVER][INFO]: Successfully read recipe json: custommachinery:kjs_f2b2cuk1am39vlhxlck23zopy
[09:13:54.229][SERVER][INFO]: Parsing recipe json: custommachinery:kjs_a3q0rfbimti1wgxuc93orz55y
[09:13:54.230][SERVER][INFO]: Successfully read recipe json: custommachinery:kjs_a3q0rfbimti1wgxuc93orz55y
[09:13:54.230][SERVER][INFO]: Parsing recipe json: custommachinery:kjs_ddbpjc2lwu9j9dockapcyqpdw
[09:13:54.230][SERVER][INFO]: Successfully read recipe json: custommachinery:kjs_ddbpjc2lwu9j9dockapcyqpdw
[09:13:54.230][SERVER][INFO]: Parsing recipe json: custommachinery:kjs_1s63ws4fb82bg05xyimiju49a
[09:13:54.230][SERVER][INFO]: Successfully read recipe json: custommachinery:kjs_1s63ws4fb82bg05xyimiju49a
[09:13:54.231][SERVER][INFO]: Parsing recipe json: custommachinery:kjs_7f4a9sjxl0vutmecbozhoboam
[09:13:54.231][SERVER][INFO]: Successfully read recipe json: custommachinery:kjs_7f4a9sjxl0vutmecbozhoboam
[09:13:54.231][SERVER][INFO]: Parsing recipe json: custommachinery:kjs_ba4dhmnmbhbzr3trhl83cdnox
[09:13:54.231][SERVER][INFO]: Successfully read recipe json: custommachinery:kjs_ba4dhmnmbhbzr3trhl83cdnox
[09:13:54.231][SERVER][INFO]: Parsing recipe json: custommachinery:kjs_36k39ad8dajgvw94htqgrryvz
[09:13:54.231][SERVER][INFO]: Successfully read recipe json: custommachinery:kjs_36k39ad8dajgvw94htqgrryvz
[09:13:54.231][SERVER][INFO]: Parsing recipe json: custommachinery:kjs_5rf2ddg8wljyffyo2m20z2x9b
[09:13:54.231][SERVER][INFO]: Successfully read recipe json: custommachinery:kjs_5rf2ddg8wljyffyo2m20z2x9b
[09:13:54.231][SERVER][INFO]: Parsing recipe json: custommachinery:kjs_a0cp2yn8x727txy6yd5p1z6vs
[09:13:54.232][SERVER][INFO]: Successfully read recipe json: custommachinery:kjs_a0cp2yn8x727txy6yd5p1z6vs
[09:13:54.232][SERVER][INFO]: Parsing recipe json: custommachinery:kjs_hf26od0c9qqo6eu69pne71vt
[09:13:54.232][SERVER][INFO]: Successfully read recipe json: custommachinery:kjs_hf26od0c9qqo6eu69pne71vt
[09:13:54.232][SERVER][INFO]: Parsing recipe json: custommachinery:kjs_4i9hcs1ouilqrsgfpzu05hm8x
[09:13:54.233][SERVER][INFO]: Successfully read recipe json: custommachinery:kjs_4i9hcs1ouilqrsgfpzu05hm8x
[09:13:54.233][SERVER][INFO]: Parsing recipe json: custommachinery:kjs_92ozbwvsxdlkkb5dluxid3yb6
[09:13:54.233][SERVER][INFO]: Successfully read recipe json: custommachinery:kjs_92ozbwvsxdlkkb5dluxid3yb6
[09:13:54.234][SERVER][INFO]: Parsing recipe json: custommachinery:kjs_9kvb0ss4uv86rp0rkt1c8x7w6
[09:13:54.240][SERVER][INFO]: Successfully read recipe json: custommachinery:kjs_9kvb0ss4uv86rp0rkt1c8x7w6
[09:13:54.241][SERVER][INFO]: Parsing recipe json: custommachinery:kjs_bfuqm6ba6m8oecenr5ldiyhda
[09:13:54.242][SERVER][INFO]: Successfully read recipe json: custommachinery:kjs_bfuqm6ba6m8oecenr5ldiyhda
[09:14:02.838][SERVER][INFO]: Reading Custom Machinery Machines...
[09:14:02.841][SERVER][INFO]: Parsing machine json: custommachinery:chemical_mixer in datapack: custommachinery
[09:14:02.844][SERVER][WARN]: Error while deserializing optional property "mode" of type: ComponentIOMode
Not a valid ComponentIOMode: upgrade
No enum constant fr.frinn.custommachinery.api.component.ComponentIOMode.UPGRADE
Using default value: both
[09:14:02.846][SERVER][INFO]: Successfully parsed machine json: custommachinery:chemical_mixer
[09:14:02.848][SERVER][INFO]: Parsing machine json: custommachinery:accelerator in datapack: custommachinery
[09:14:02.849][SERVER][WARN]: Error while deserializing optional property "mode" of type: ComponentIOMode
Not a valid ComponentIOMode: upgrade
No enum constant fr.frinn.custommachinery.api.component.ComponentIOMode.UPGRADE
Using default value: both
[09:14:02.849][SERVER][INFO]: Successfully parsed machine json: custommachinery:accelerator
[09:14:02.849][SERVER][INFO]: Parsing machine json: custommachinery:collision_chamber in datapack: custommachinery
[09:14:02.850][SERVER][WARN]: Error while deserializing optional property "mode" of type: ComponentIOMode
Not a valid ComponentIOMode: upgrade
No enum constant fr.frinn.custommachinery.api.component.ComponentIOMode.UPGRADE
Using default value: both
[09:14:02.850][SERVER][INFO]: Successfully parsed machine json: custommachinery:collision_chamber
[09:14:02.851][SERVER][INFO]: Parsing machine json: custommachinery:pollution_capture_plant in datapack: custommachinery
[09:14:02.851][SERVER][INFO]: Successfully parsed machine json: custommachinery:pollution_capture_plant
[09:14:02.852][SERVER][INFO]: Parsing machine json: custommachinery:fuel_reprocessor in datapack: custommachinery
[09:14:02.852][SERVER][WARN]: Error while deserializing optional property "mode" of type: ComponentIOMode
Not a valid ComponentIOMode: upgrade
No enum constant fr.frinn.custommachinery.api.component.ComponentIOMode.UPGRADE
Using default value: both
[09:14:02.852][SERVER][INFO]: Successfully parsed machine json: custommachinery:fuel_reprocessor
[09:14:02.852][SERVER][INFO]: Parsing machine json: custommachinery:chemical_reactor in datapack: custommachinery
[09:14:02.853][SERVER][WARN]: Error while deserializing optional property "mode" of type: ComponentIOMode
Not a valid ComponentIOMode: upgrade
No enum constant fr.frinn.custommachinery.api.component.ComponentIOMode.UPGRADE
Using default value: both
[09:14:02.853][SERVER][INFO]: Successfully parsed machine json: custommachinery:chemical_reactor
[09:14:02.854][SERVER][INFO]: Parsing machine json: custommachinery:assembler in datapack: custommachinery
[09:14:02.854][SERVER][INFO]: Successfully parsed machine json: custommachinery:assembler
[09:14:02.855][SERVER][INFO]: Parsing machine json: custommachinery:clean_room in datapack: custommachinery
[09:14:02.855][SERVER][INFO]: Successfully parsed machine json: custommachinery:clean_room
[09:14:02.856][SERVER][INFO]: Parsing machine json: custommachinery:fluid_centrifuge in datapack: custommachinery
[09:14:02.856][SERVER][WARN]: Error while deserializing optional property "mode" of type: ComponentIOMode
Not a valid ComponentIOMode: upgrade
No enum constant fr.frinn.custommachinery.api.component.ComponentIOMode.UPGRADE
Using default value: both
[09:14:02.857][SERVER][INFO]: Successfully parsed machine json: custommachinery:fluid_centrifuge
[09:14:02.858][SERVER][INFO]: Parsing machine json: custommachinery:isotope_separator in datapack: custommachinery
[09:14:02.858][SERVER][WARN]: Error while deserializing optional property "mode" of type: ComponentIOMode
Not a valid ComponentIOMode: upgrade
No enum constant fr.frinn.custommachinery.api.component.ComponentIOMode.UPGRADE
Using default value: both
[09:14:02.858][SERVER][INFO]: Successfully parsed machine json: custommachinery:isotope_separator
[09:14:02.859][SERVER][INFO]: Parsing machine json: custommachinery:ore_leacher in datapack: custommachinery
[09:14:02.860][SERVER][WARN]: Error while deserializing optional property "mode" of type: ComponentIOMode
Not a valid ComponentIOMode: upgrade
No enum constant fr.frinn.custommachinery.api.component.ComponentIOMode.UPGRADE
Using default value: both
[09:14:02.860][SERVER][INFO]: Successfully parsed machine json: custommachinery:ore_leacher
[09:14:02.861][SERVER][INFO]: Parsing machine json: custommachinery:slice_n_splice in datapack: custommachinery
[09:14:02.861][SERVER][INFO]: Successfully parsed machine json: custommachinery:slice_n_splice
[09:14:02.861][SERVER][INFO]: Finished creating custom machines.
[09:14:02.862][SERVER][INFO]: Reading Custom Machinery Upgrades...
[09:14:02.862][SERVER][INFO]: Parsing upgrade json: custommachinery:basic_upgrade in datapack: main
[09:14:02.862][SERVER][INFO]: Successfully parsed upgrade json: custommachinery:basic_upgrade
[09:14:02.862][SERVER][INFO]: Finished creating custom machine upgrades.
[09:15:06.455][CLIENT][INFO]: Parsing recipe json: custommachinery:kjs_cemazvwbc2mc3trr85sivbuc3
[09:15:06.458][CLIENT][INFO]: Successfully read recipe json: custommachinery:kjs_cemazvwbc2mc3trr85sivbuc3
[09:15:06.458][CLIENT][INFO]: Parsing recipe json: custommachinery:kjs_6n2sumyldspvd6nk7p5i593tv
[09:15:06.458][CLIENT][INFO]: Successfully read recipe json: custommachinery:kjs_6n2sumyldspvd6nk7p5i593tv
[09:15:06.458][CLIENT][INFO]: Parsing recipe json: custommachinery:kjs_71q1bxb37n51ee0ukbyxeanip
[09:15:06.458][CLIENT][INFO]: Successfully read recipe json: custommachinery:kjs_71q1bxb37n51ee0ukbyxeanip
[09:15:06.459][CLIENT][INFO]: Parsing recipe json: custommachinery:kjs_dyptvtgscxtou0rzw2fwffr5i
[09:15:06.459][CLIENT][INFO]: Successfully read recipe json: custommachinery:kjs_dyptvtgscxtou0rzw2fwffr5i
[09:15:06.459][CLIENT][INFO]: Parsing recipe json: custommachinery:kjs_ck9gzggyhmsu87i9xvegnva66
[09:15:06.459][CLIENT][INFO]: Successfully read recipe json: custommachinery:kjs_ck9gzggyhmsu87i9xvegnva66
[09:15:06.459][CLIENT][INFO]: Parsing recipe json: custommachinery:kjs_7kh3eano1nqsfmhoipw2ptqi5
[09:15:06.459][CLIENT][INFO]: Successfully read recipe json: custommachinery:kjs_7kh3eano1nqsfmhoipw2ptqi5
[09:15:06.459][CLIENT][INFO]: Parsing recipe json: custommachinery:kjs_8vv9yshqhpuur2w7uur5cfiom
[09:15:06.459][CLIENT][INFO]: Successfully read recipe json: custommachinery:kjs_8vv9yshqhpuur2w7uur5cfiom
[09:15:06.460][CLIENT][INFO]: Parsing recipe json: custommachinery:kjs_d2epzywvkudjdl3d0428dp3rv
[09:15:06.460][CLIENT][INFO]: Successfully read recipe json: custommachinery:kjs_d2epzywvkudjdl3d0428dp3rv
[09:15:06.460][CLIENT][INFO]: Parsing recipe json: custommachinery:kjs_8k1jq2gu1cj3hmz08q2fmki6r
[09:15:06.460][CLIENT][INFO]: Successfully read recipe json: custommachinery:kjs_8k1jq2gu1cj3hmz08q2fmki6r
[09:15:06.460][CLIENT][INFO]: Parsing recipe json: custommachinery:kjs_eiqx7f8aqm8lcoz6o8p4d0bo1
[09:15:06.460][CLIENT][INFO]: Successfully read recipe json: custommachinery:kjs_eiqx7f8aqm8lcoz6o8p4d0bo1
[09:15:06.460][CLIENT][INFO]: Parsing recipe json: custommachinery:kjs_6h0jr5lskapg6qp53sem8vana
[09:15:06.460][CLIENT][INFO]: Successfully read recipe json: custommachinery:kjs_6h0jr5lskapg6qp53sem8vana
[09:15:06.460][CLIENT][INFO]: Parsing recipe json: custommachinery:kjs_4vciw8w3f4h4vdg3lrk9srlkl
[09:15:06.460][CLIENT][INFO]: Successfully read recipe json: custommachinery:kjs_4vciw8w3f4h4vdg3lrk9srlkl
[09:15:06.460][CLIENT][INFO]: Parsing recipe json: custommachinery:kjs_c04m597e5y6bg29vjlwr4uh1d
[09:15:06.460][CLIENT][INFO]: Successfully read recipe json: custommachinery:kjs_c04m597e5y6bg29vjlwr4uh1d
[09:15:06.461][CLIENT][INFO]: Parsing recipe json: custommachinery:kjs_2mhgk5gqpr4m63hnanmucb006
[09:15:06.461][CLIENT][INFO]: Successfully read recipe json: custommachinery:kjs_2mhgk5gqpr4m63hnanmucb006
[09:15:06.461][CLIENT][INFO]: Parsing recipe json: custommachinery:kjs_5ral252np5tigqxk8okqynl5o
[09:15:06.461][CLIENT][INFO]: Successfully read recipe json: custommachinery:kjs_5ral252np5tigqxk8okqynl5o
[09:15:06.461][CLIENT][INFO]: Parsing recipe json: custommachinery:kjs_3063jm2b57ewzodn9fyblnipm
[09:15:06.461][CLIENT][INFO]: Successfully read recipe json: custommachinery:kjs_3063jm2b57ewzodn9fyblnipm
[09:15:06.461][CLIENT][INFO]: Parsing recipe json: custommachinery:kjs_6578914r30dd757i8sqz1s4sw
[09:15:06.461][CLIENT][INFO]: Successfully read recipe json: custommachinery:kjs_6578914r30dd757i8sqz1s4sw
[09:15:06.461][CLIENT][INFO]: Parsing recipe json: custommachinery:kjs_cohtmv976jclk0cyw50cbokrj
[09:15:06.461][CLIENT][INFO]: Successfully read recipe json: custommachinery:kjs_cohtmv976jclk0cyw50cbokrj
[09:15:06.461][CLIENT][INFO]: Parsing recipe json: custommachinery:kjs_c8svyu41nq1sud9coy595ve4v
[09:15:06.461][CLIENT][INFO]: Successfully read recipe json: custommachinery:kjs_c8svyu41nq1sud9coy595ve4v
[09:15:06.461][CLIENT][INFO]: Parsing recipe json: custommachinery:kjs_bzvf3f3fmf00ds68saaj5vdg8
[09:15:06.461][CLIENT][INFO]: Successfully read recipe json: custommachinery:kjs_bzvf3f3fmf00ds68saaj5vdg8
[09:15:06.462][CLIENT][INFO]: Parsing recipe json: custommachinery:kjs_75tzv2p8o6d6052ne4y7rnxf
[09:15:06.462][CLIENT][INFO]: Successfully read recipe json: custommachinery:kjs_75tzv2p8o6d6052ne4y7rnxf
[09:15:06.462][CLIENT][INFO]: Parsing recipe json: custommachinery:kjs_8zgqrl5aw6df59bgxnh2u3ewb
[09:15:06.462][CLIENT][INFO]: Successfully read recipe json: custommachinery:kjs_8zgqrl5aw6df59bgxnh2u3ewb
[09:15:06.462][CLIENT][INFO]: Parsing recipe json: custommachinery:kjs_88k8q94xk0elcexhukyllgl6w
[09:15:06.462][CLIENT][INFO]: Successfully read recipe json: custommachinery:kjs_88k8q94xk0elcexhukyllgl6w
[09:15:06.462][CLIENT][INFO]: Parsing recipe json: custommachinery:kjs_edffeso6fiyhxlgvf4ogp7z84
[09:15:06.462][CLIENT][INFO]: Successfully read recipe json: custommachinery:kjs_edffeso6fiyhxlgvf4ogp7z84
[09:15:06.462][CLIENT][INFO]: Parsing recipe json: custommachinery:kjs_6uwatg96azqgfcuyioq1jgpr
[09:15:06.462][CLIENT][INFO]: Successfully read recipe json: custommachinery:kjs_6uwatg96azqgfcuyioq1jgpr
[09:15:06.462][CLIENT][INFO]: Parsing recipe json: custommachinery:kjs_bpj8gv1ump6h6ipyupl9rs4sc
[09:15:06.462][CLIENT][INFO]: Successfully read recipe json: custommachinery:kjs_bpj8gv1ump6h6ipyupl9rs4sc
[09:15:06.462][CLIENT][INFO]: Parsing recipe json: custommachinery:kjs_c17ipctfgcizk3qzq6g3127w6
[09:15:06.462][CLIENT][INFO]: Successfully read recipe json: custommachinery:kjs_c17ipctfgcizk3qzq6g3127w6
[09:15:06.463][CLIENT][INFO]: Parsing recipe json: custommachinery:kjs_day2qkzrqaedyxq2szv76ijvx
[09:15:06.463][CLIENT][INFO]: Successfully read recipe json: custommachinery:kjs_day2qkzrqaedyxq2szv76ijvx
[09:15:06.463][CLIENT][INFO]: Parsing recipe json: custommachinery:kjs_92q75i807b06g6kuk1lvu9jni
[09:15:06.463][CLIENT][INFO]: Successfully read recipe json: custommachinery:kjs_92q75i807b06g6kuk1lvu9jni
[09:15:06.463][CLIENT][INFO]: Parsing recipe json: custommachinery:kjs_437xjtapsyfs3qn1jlhkfxyeg
[09:15:06.463][CLIENT][INFO]: Successfully read recipe json: custommachinery:kjs_437xjtapsyfs3qn1jlhkfxyeg
[09:15:06.463][CLIENT][INFO]: Parsing recipe json: custommachinery:kjs_cxvkihwsq22hxqs9ulozvr0tw
[09:15:06.463][CLIENT][INFO]: Successfully read recipe json: custommachinery:kjs_cxvkihwsq22hxqs9ulozvr0tw
[09:15:06.463][CLIENT][INFO]: Parsing recipe json: custommachinery:kjs_1yy2l12nfmwamlvg8sc4er5r4
[09:15:06.464][CLIENT][INFO]: Successfully read recipe json: custommachinery:kjs_1yy2l12nfmwamlvg8sc4er5r4
[09:15:06.464][CLIENT][INFO]: Parsing recipe json: custommachinery:kjs_ciqdfvwty2jhrqlvudrbb65hj
[09:15:06.464][CLIENT][INFO]: Successfully read recipe json: custommachinery:kjs_ciqdfvwty2jhrqlvudrbb65hj
[09:15:06.464][CLIENT][INFO]: Parsing recipe json: custommachinery:kjs_a6at5dj2s4qaa0zdkioxnt6dd
[09:15:06.464][CLIENT][INFO]: Successfully read recipe json: custommachinery:kjs_a6at5dj2s4qaa0zdkioxnt6dd
[09:15:06.464][CLIENT][INFO]: Parsing recipe json: custommachinery:kjs_aceiel39sl6awd7gkg0cp6zpe
[09:15:06.464][CLIENT][INFO]: Successfully read recipe json: custommachinery:kjs_aceiel39sl6awd7gkg0cp6zpe
[09:15:06.465][CLIENT][INFO]: Parsing recipe json: custommachinery:kjs_1af41h5ylxn5gumunb9fod6of
[09:15:06.465][CLIENT][INFO]: Successfully read recipe json: custommachinery:kjs_1af41h5ylxn5gumunb9fod6of
[09:15:06.465][CLIENT][INFO]: Parsing recipe json: custommachinery:kjs_6amdgtp2lp3bydoqmthnq2smw
[09:15:06.465][CLIENT][INFO]: Successfully read recipe json: custommachinery:kjs_6amdgtp2lp3bydoqmthnq2smw
[09:15:06.465][CLIENT][INFO]: Parsing recipe json: custommachinery:kjs_5nagvl7pt4oy50txa7rzv2kjy
[09:15:06.466][CLIENT][INFO]: Successfully read recipe json: custommachinery:kjs_5nagvl7pt4oy50txa7rzv2kjy
[09:15:06.466][CLIENT][INFO]: Parsing recipe json: custommachinery:kjs_52bc3qw9vngcwjygpacwo0t3t
[09:15:06.466][CLIENT][INFO]: Successfully read recipe json: custommachinery:kjs_52bc3qw9vngcwjygpacwo0t3t
[09:15:06.466][CLIENT][INFO]: Parsing recipe json: custommachinery:kjs_d3kprn4kou0u8q9el3ci76ktd
[09:15:06.466][CLIENT][INFO]: Successfully read recipe json: custommachinery:kjs_d3kprn4kou0u8q9el3ci76ktd
[09:15:06.466][CLIENT][INFO]: Parsing recipe json: custommachinery:kjs_42kj1osmtm9iso4655xbnynxa
[09:15:06.466][CLIENT][INFO]: Successfully read recipe json: custommachinery:kjs_42kj1osmtm9iso4655xbnynxa
[09:15:06.466][CLIENT][INFO]: Parsing recipe json: custommachinery:kjs_9gl7b1gvh682bbhy7bzifsrtj
[09:15:06.467][CLIENT][INFO]: Successfully read recipe json: custommachinery:kjs_9gl7b1gvh682bbhy7bzifsrtj
[09:15:06.467][CLIENT][INFO]: Parsing recipe json: custommachinery:kjs_1t7ivaem44fqcnn49u5daqgvu
[09:15:06.467][CLIENT][INFO]: Successfully read recipe json: custommachinery:kjs_1t7ivaem44fqcnn49u5daqgvu
[09:15:06.467][CLIENT][INFO]: Parsing recipe json: custommachinery:kjs_b6i35alwcmuo5d4r5l49anoqb
[09:15:06.467][CLIENT][INFO]: Successfully read recipe json: custommachinery:kjs_b6i35alwcmuo5d4r5l49anoqb
[09:15:06.467][CLIENT][INFO]: Parsing recipe json: custommachinery:kjs_3u5bbuh4ms7ndh6q60zbz69sq
[09:15:06.467][CLIENT][INFO]: Successfully read recipe json: custommachinery:kjs_3u5bbuh4ms7ndh6q60zbz69sq
[09:15:06.467][CLIENT][INFO]: Parsing recipe json: custommachinery:kjs_2755zdgqc7eaxmnwbbdn29xlp
[09:15:06.467][CLIENT][INFO]: Successfully read recipe json: custommachinery:kjs_2755zdgqc7eaxmnwbbdn29xlp
[09:15:06.468][CLIENT][INFO]: Parsing recipe json: custommachinery:kjs_1ka7dk61frnc60lzqnqks8vp2
[09:15:06.468][CLIENT][INFO]: Successfully read recipe json: custommachinery:kjs_1ka7dk61frnc60lzqnqks8vp2
[09:15:06.468][CLIENT][INFO]: Parsing recipe json: custommachinery:kjs_3ht19569vqw8cavg4u2tyd4mn
[09:15:06.468][CLIENT][INFO]: Successfully read recipe json: custommachinery:kjs_3ht19569vqw8cavg4u2tyd4mn
[09:15:06.468][CLIENT][INFO]: Parsing recipe json: custommachinery:kjs_18alhnbe20xmp0m1cnlzcg82u
[09:15:06.468][CLIENT][INFO]: Successfully read recipe json: custommachinery:kjs_18alhnbe20xmp0m1cnlzcg82u
[09:15:06.468][CLIENT][INFO]: Parsing recipe json: custommachinery:kjs_5ywjcbgl5591i57uhxij30525
[09:15:06.468][CLIENT][INFO]: Successfully read recipe json: custommachinery:kjs_5ywjcbgl5591i57uhxij30525
[09:15:06.468][CLIENT][INFO]: Parsing recipe json: custommachinery:kjs_92bjf9mu971lssd15l1pjzms9
[09:15:06.468][CLIENT][INFO]: Successfully read recipe json: custommachinery:kjs_92bjf9mu971lssd15l1pjzms9
[09:15:06.468][CLIENT][INFO]: Parsing recipe json: custommachinery:kjs_2z4jwoc7xa0xfqjf1gmg9ndvj
[09:15:06.468][CLIENT][INFO]: Successfully read recipe json: custommachinery:kjs_2z4jwoc7xa0xfqjf1gmg9ndvj
[09:15:06.469][CLIENT][INFO]: Parsing recipe json: custommachinery:kjs_8cktf0nkxb84w0plibvdrlv0l
[09:15:06.469][CLIENT][INFO]: Successfully read recipe json: custommachinery:kjs_8cktf0nkxb84w0plibvdrlv0l
[09:15:06.469][CLIENT][INFO]: Parsing recipe json: custommachinery:kjs_d7wlc2spd7nmkgnqejnqmq8ca
[09:15:06.469][CLIENT][INFO]: Successfully read recipe json: custommachinery:kjs_d7wlc2spd7nmkgnqejnqmq8ca
[09:15:06.469][CLIENT][INFO]: Parsing recipe json: custommachinery:kjs_ejqo2scuu9gycdboogbmz9r09
[09:15:06.469][CLIENT][INFO]: Successfully read recipe json: custommachinery:kjs_ejqo2scuu9gycdboogbmz9r09
[09:15:06.469][CLIENT][INFO]: Parsing recipe json: custommachinery:kjs_bmx1benif27ur2y17fi4b1u21
[09:15:06.469][CLIENT][INFO]: Successfully read recipe json: custommachinery:kjs_bmx1benif27ur2y17fi4b1u21
[09:15:06.469][CLIENT][INFO]: Parsing recipe json: custommachinery:kjs_2723mpgoter2dc0jxbgot5x3t
[09:15:06.469][CLIENT][INFO]: Successfully read recipe json: custommachinery:kjs_2723mpgoter2dc0jxbgot5x3t
[09:15:06.469][CLIENT][INFO]: Parsing recipe json: custommachinery:kjs_e11jzdcunnq0nt5g1pjqndrbx
[09:15:06.469][CLIENT][INFO]: Successfully read recipe json: custommachinery:kjs_e11jzdcunnq0nt5g1pjqndrbx
[09:15:06.469][CLIENT][INFO]: Parsing recipe json: custommachinery:kjs_dtih9fyull6xnookmhzjvjwzd
[09:15:06.470][CLIENT][INFO]: Successfully read recipe json: custommachinery:kjs_dtih9fyull6xnookmhzjvjwzd
[09:15:06.470][CLIENT][INFO]: Parsing recipe json: custommachinery:kjs_8w9zpsn8haiatfu1l5fhac8fq
[09:15:06.470][CLIENT][INFO]: Successfully read recipe json: custommachinery:kjs_8w9zpsn8haiatfu1l5fhac8fq
[09:15:06.470][CLIENT][INFO]: Parsing recipe json: custommachinery:kjs_1dyifoguuf8rx4hjg5rifoiva
[09:15:06.470][CLIENT][INFO]: Successfully read recipe json: custommachinery:kjs_1dyifoguuf8rx4hjg5rifoiva
[09:15:06.470][CLIENT][INFO]: Parsing recipe json: custommachinery:kjs_2ary2qh76k9mq1rxv9gpyurbw
[09:15:06.470][CLIENT][INFO]: Successfully read recipe json: custommachinery:kjs_2ary2qh76k9mq1rxv9gpyurbw
[09:15:06.470][CLIENT][INFO]: Parsing recipe json: custommachinery:kjs_b51ifaolxf20jwhqvmwtpon4h
[09:15:06.470][CLIENT][INFO]: Successfully read recipe json: custommachinery:kjs_b51ifaolxf20jwhqvmwtpon4h
[09:15:06.470][CLIENT][INFO]: Parsing recipe json: custommachinery:kjs_eq6rboa4tzmryayms1i96tbv
[09:15:06.470][CLIENT][INFO]: Successfully read recipe json: custommachinery:kjs_eq6rboa4tzmryayms1i96tbv
[09:15:06.470][CLIENT][INFO]: Parsing recipe json: custommachinery:kjs_45d4vz7lryipysg7ccezk7zwc
[09:15:06.471][CLIENT][INFO]: Successfully read recipe json: custommachinery:kjs_45d4vz7lryipysg7ccezk7zwc
[09:15:06.471][CLIENT][INFO]: Parsing recipe json: custommachinery:kjs_8a4fclqpw5mw4vbmso2aq59ij
[09:15:06.471][CLIENT][INFO]: Successfully read recipe json: custommachinery:kjs_8a4fclqpw5mw4vbmso2aq59ij
[09:15:06.471][CLIENT][INFO]: Parsing recipe json: custommachinery:kjs_7k6tlorxhdve3zty3arz2uf6g
[09:15:06.471][CLIENT][INFO]: Successfully read recipe json: custommachinery:kjs_7k6tlorxhdve3zty3arz2uf6g
[09:15:06.471][CLIENT][INFO]: Parsing recipe json: custommachinery:kjs_7o1xtq8t2iuljn4s2n54wtdz3
[09:15:06.471][CLIENT][INFO]: Successfully read recipe json: custommachinery:kjs_7o1xtq8t2iuljn4s2n54wtdz3
[09:15:06.471][CLIENT][INFO]: Parsing recipe json: custommachinery:kjs_euycohajd4dvur77iah954u0w
[09:15:06.471][CLIENT][INFO]: Successfully read recipe json: custommachinery:kjs_euycohajd4dvur77iah954u0w
[09:15:06.472][CLIENT][INFO]: Parsing recipe json: custommachinery:kjs_94sh6slpp5walg4tmwm8zyfy8
[09:15:06.472][CLIENT][INFO]: Successfully read recipe json: custommachinery:kjs_94sh6slpp5walg4tmwm8zyfy8
[09:15:06.472][CLIENT][INFO]: Parsing recipe json: custommachinery:kjs_e2lrd2w1l6d31y10p6ua5nz2d
[09:15:06.472][CLIENT][INFO]: Successfully read recipe json: custommachinery:kjs_e2lrd2w1l6d31y10p6ua5nz2d
[09:15:06.472][CLIENT][INFO]: Parsing recipe json: custommachinery:kjs_3dkkz0yw0yut101lr6v0qvih7
[09:15:06.472][CLIENT][INFO]: Successfully read recipe json: custommachinery:kjs_3dkkz0yw0yut101lr6v0qvih7
[09:15:06.472][CLIENT][INFO]: Parsing recipe json: custommachinery:kjs_9cs318hlkmr1v7mcpuwwl7wgj
[09:15:06.472][CLIENT][INFO]: Successfully read recipe json: custommachinery:kjs_9cs318hlkmr1v7mcpuwwl7wgj
[09:15:06.472][CLIENT][INFO]: Parsing recipe json: custommachinery:kjs_1ns29y4pobfaw8wvbsiyhg8bx
[09:15:06.473][CLIENT][INFO]: Successfully read recipe json: custommachinery:kjs_1ns29y4pobfaw8wvbsiyhg8bx
[09:15:06.473][CLIENT][INFO]: Parsing recipe json: custommachinery:kjs_dfol3m9ozx25sphqimf5ip2s8
[09:15:06.473][CLIENT][INFO]: Successfully read recipe json: custommachinery:kjs_dfol3m9ozx25sphqimf5ip2s8
[09:15:06.473][CLIENT][INFO]: Parsing recipe json: custommachinery:kjs_aqlu95hsih7rhai28ga30hgkl
[09:15:06.473][CLIENT][INFO]: Successfully read recipe json: custommachinery:kjs_aqlu95hsih7rhai28ga30hgkl
[09:15:06.473][CLIENT][INFO]: Parsing recipe json: custommachinery:kjs_8al3hzwbt66u7ti7nlq6ao9yf
[09:15:06.473][CLIENT][INFO]: Successfully read recipe json: custommachinery:kjs_8al3hzwbt66u7ti7nlq6ao9yf
[09:15:06.473][CLIENT][INFO]: Parsing recipe json: custommachinery:kjs_1jrzh3kxywthe3ouhlllicjwc
[09:15:06.473][CLIENT][INFO]: Successfully read recipe json: custommachinery:kjs_1jrzh3kxywthe3ouhlllicjwc
[09:15:06.473][CLIENT][INFO]: Parsing recipe json: custommachinery:kjs_5s4nb23u4scij9hud643vq2je
[09:15:06.474][CLIENT][INFO]: Successfully read recipe json: custommachinery:kjs_5s4nb23u4scij9hud643vq2je
[09:15:06.474][CLIENT][INFO]: Parsing recipe json: custommachinery:kjs_21jimrdb9phj49yadraqfq7p9
[09:15:06.474][CLIENT][INFO]: Successfully read recipe json: custommachinery:kjs_21jimrdb9phj49yadraqfq7p9
[09:15:06.474][CLIENT][INFO]: Parsing recipe json: custommachinery:kjs_1v1hjsbw2yps44n718cwnwvie
[09:15:06.474][CLIENT][INFO]: Successfully read recipe json: custommachinery:kjs_1v1hjsbw2yps44n718cwnwvie
[09:15:06.474][CLIENT][INFO]: Parsing recipe json: custommachinery:kjs_2qk1vcp8yh2djmp3walhw9xou
[09:15:06.475][CLIENT][INFO]: Successfully read recipe json: custommachinery:kjs_2qk1vcp8yh2djmp3walhw9xou
[09:15:06.475][CLIENT][INFO]: Parsing recipe json: custommachinery:kjs_bqhs7vx3785u8ka2dtq4pwax
[09:15:06.475][CLIENT][INFO]: Successfully read recipe json: custommachinery:kjs_bqhs7vx3785u8ka2dtq4pwax
[09:15:06.475][CLIENT][INFO]: Parsing recipe json: custommachinery:kjs_60khb6mc7ht3k7b70d7ymxs3f
[09:15:06.475][CLIENT][INFO]: Successfully read recipe json: custommachinery:kjs_60khb6mc7ht3k7b70d7ymxs3f
[09:15:06.475][CLIENT][INFO]: Parsing recipe json: custommachinery:kjs_2cp9tsnn6qefaxwri51hv7kud
[09:15:06.475][CLIENT][INFO]: Successfully read recipe json: custommachinery:kjs_2cp9tsnn6qefaxwri51hv7kud
[09:15:06.476][CLIENT][INFO]: Parsing recipe json: custommachinery:kjs_cgk3rlut68azml9fgiomo3s9z
[09:15:06.476][CLIENT][INFO]: Successfully read recipe json: custommachinery:kjs_cgk3rlut68azml9fgiomo3s9z
[09:15:06.476][CLIENT][INFO]: Parsing recipe json: custommachinery:kjs_a90r3ftitzuqjdhr231b5fhqm
[09:15:06.476][CLIENT][INFO]: Successfully read recipe json: custommachinery:kjs_a90r3ftitzuqjdhr231b5fhqm
[09:15:06.476][CLIENT][INFO]: Parsing recipe json: custommachinery:kjs_2llryj3a02f17h92hswqi98js
[09:15:06.476][CLIENT][INFO]: Successfully read recipe json: custommachinery:kjs_2llryj3a02f17h92hswqi98js
[09:15:06.476][CLIENT][INFO]: Parsing recipe json: custommachinery:kjs_d7fr6js5sgn8jrc7661r3cg3a
[09:15:06.476][CLIENT][INFO]: Successfully read recipe json: custommachinery:kjs_d7fr6js5sgn8jrc7661r3cg3a
[09:15:06.476][CLIENT][INFO]: Parsing recipe json: custommachinery:kjs_ae5er55uloxlakhqcsu2e9j6h
[09:15:06.477][CLIENT][INFO]: Successfully read recipe json: custommachinery:kjs_ae5er55uloxlakhqcsu2e9j6h
[09:15:06.477][CLIENT][INFO]: Parsing recipe json: custommachinery:kjs_4bai7i0cnd2k75es4uu16im05
[09:15:06.477][CLIENT][INFO]: Successfully read recipe json: custommachinery:kjs_4bai7i0cnd2k75es4uu16im05
[09:15:06.477][CLIENT][INFO]: Parsing recipe json: custommachinery:kjs_dn6b9z951ya5oevlsgcbad3lj
[09:15:06.477][CLIENT][INFO]: Successfully read recipe json: custommachinery:kjs_dn6b9z951ya5oevlsgcbad3lj
[09:15:06.477][CLIENT][INFO]: Parsing recipe json: custommachinery:kjs_7wns8rr09bwcs3zvqavg5sxwq
[09:15:06.477][CLIENT][INFO]: Successfully read recipe json: custommachinery:kjs_7wns8rr09bwcs3zvqavg5sxwq
[09:15:06.477][CLIENT][INFO]: Parsing recipe json: custommachinery:kjs_25jg3ykxeitgjd7k3cy3m1rgk
[09:15:06.477][CLIENT][INFO]: Successfully read recipe json: custommachinery:kjs_25jg3ykxeitgjd7k3cy3m1rgk
[09:15:06.477][CLIENT][INFO]: Parsing recipe json: custommachinery:kjs_cs4agelcyl8bhrytgf0nk6hb5
[09:15:06.477][CLIENT][INFO]: Successfully read recipe json: custommachinery:kjs_cs4agelcyl8bhrytgf0nk6hb5
[09:15:06.477][CLIENT][INFO]: Parsing recipe json: custommachinery:kjs_7w0rxy8y2hrkuqb0mpphrak5m
[09:15:06.477][CLIENT][INFO]: Successfully read recipe json: custommachinery:kjs_7w0rxy8y2hrkuqb0mpphrak5m
[09:15:06.478][CLIENT][INFO]: Parsing recipe json: custommachinery:kjs_8ldohg80l2z148y73g7opr3r7
[09:15:06.478][CLIENT][INFO]: Successfully read recipe json: custommachinery:kjs_8ldohg80l2z148y73g7opr3r7
[09:15:06.478][CLIENT][INFO]: Parsing recipe json: custommachinery:kjs_7m1rmwstgeg65ia5a3weyu2n4
[09:15:06.478][CLIENT][INFO]: Successfully read recipe json: custommachinery:kjs_7m1rmwstgeg65ia5a3weyu2n4
[09:15:06.478][CLIENT][INFO]: Parsing recipe json: custommachinery:kjs_f3gtv67cwiblfw7vsfezf4nu0
[09:15:06.478][CLIENT][INFO]: Successfully read recipe json: custommachinery:kjs_f3gtv67cwiblfw7vsfezf4nu0
[09:15:06.478][CLIENT][INFO]: Parsing recipe json: custommachinery:kjs_2ofctfqo3n22uvyat6qntq0v
[09:15:06.478][CLIENT][INFO]: Successfully read recipe json: custommachinery:kjs_2ofctfqo3n22uvyat6qntq0v
[09:15:06.478][CLIENT][INFO]: Parsing recipe json: custommachinery:kjs_6pvmqqah2rrwlk14862umuw4i
[09:15:06.478][CLIENT][INFO]: Successfully read recipe json: custommachinery:kjs_6pvmqqah2rrwlk14862umuw4i
[09:15:06.478][CLIENT][INFO]: Parsing recipe json: custommachinery:kjs_cgpzma6b7o5k53onjrdx6lxlg
[09:15:06.478][CLIENT][INFO]: Successfully read recipe json: custommachinery:kjs_cgpzma6b7o5k53onjrdx6lxlg
[09:15:06.478][CLIENT][INFO]: Parsing recipe json: custommachinery:kjs_ejk76wjmipy8vv7dciivyz3w
[09:15:06.478][CLIENT][INFO]: Successfully read recipe json: custommachinery:kjs_ejk76wjmipy8vv7dciivyz3w
[09:15:06.478][CLIENT][INFO]: Parsing recipe json: custommachinery:kjs_4pr13ko454y6gnktqo4qxxzkq
[09:15:06.478][CLIENT][INFO]: Successfully read recipe json: custommachinery:kjs_4pr13ko454y6gnktqo4qxxzkq
[09:15:06.479][CLIENT][INFO]: Parsing recipe json: custommachinery:kjs_coskenj4sus8blx61bkw7gjlo
[09:15:06.479][CLIENT][INFO]: Successfully read recipe json: custommachinery:kjs_coskenj4sus8blx61bkw7gjlo
[09:15:06.479][CLIENT][INFO]: Parsing recipe json: custommachinery:kjs_2q0eolyt6x43w3fctk3i65wjj
[09:15:06.479][CLIENT][INFO]: Successfully read recipe json: custommachinery:kjs_2q0eolyt6x43w3fctk3i65wjj
[09:15:06.479][CLIENT][INFO]: Parsing recipe json: custommachinery:kjs_d07sy52xpx2opmdmis3xp92e
[09:15:06.479][CLIENT][INFO]: Successfully read recipe json: custommachinery:kjs_d07sy52xpx2opmdmis3xp92e
[09:15:06.479][CLIENT][INFO]: Parsing recipe json: custommachinery:kjs_7rluu7fzqorfb231yia0iv3r2
[09:15:06.479][CLIENT][INFO]: Successfully read recipe json: custommachinery:kjs_7rluu7fzqorfb231yia0iv3r2
[09:15:06.479][CLIENT][INFO]: Parsing recipe json: custommachinery:kjs_g8uad7v7bvm0pfymimp3lhxu
[09:15:06.479][CLIENT][INFO]: Successfully read recipe json: custommachinery:kjs_g8uad7v7bvm0pfymimp3lhxu
[09:15:06.479][CLIENT][INFO]: Parsing recipe json: custommachinery:kjs_6morth1w7xyybqpmcok5lvgnf
[09:15:06.479][CLIENT][INFO]: Successfully read recipe json: custommachinery:kjs_6morth1w7xyybqpmcok5lvgnf
[09:15:06.480][CLIENT][INFO]: Parsing recipe json: custommachinery:kjs_2ljr5462o4jigxof0tlgqcmfq
[09:15:06.480][CLIENT][INFO]: Successfully read recipe json: custommachinery:kjs_2ljr5462o4jigxof0tlgqcmfq
[09:15:06.480][CLIENT][INFO]: Parsing recipe json: custommachinery:kjs_6bajmozty870mwv4k6mkcd97m
[09:15:06.480][CLIENT][INFO]: Successfully read recipe json: custommachinery:kjs_6bajmozty870mwv4k6mkcd97m
[09:15:06.480][CLIENT][INFO]: Parsing recipe json: custommachinery:kjs_bqohm89pvs0ell46wfdh9jfkk
[09:15:06.480][CLIENT][INFO]: Successfully read recipe json: custommachinery:kjs_bqohm89pvs0ell46wfdh9jfkk
[09:15:06.480][CLIENT][INFO]: Parsing recipe json: custommachinery:kjs_1m03qyll7duy5p569jkebqjdl
[09:15:06.480][CLIENT][INFO]: Successfully read recipe json: custommachinery:kjs_1m03qyll7duy5p569jkebqjdl
[09:15:06.480][CLIENT][INFO]: Parsing recipe json: custommachinery:kjs_5ibq6p3txmb747h68tjo2ckqd
[09:15:06.480][CLIENT][INFO]: Successfully read recipe json: custommachinery:kjs_5ibq6p3txmb747h68tjo2ckqd
[09:15:06.481][CLIENT][INFO]: Parsing recipe json: custommachinery:kjs_ytk8tiuik9z6eqevu6chn2v5
[09:15:06.481][CLIENT][INFO]: Successfully read recipe json: custommachinery:kjs_ytk8tiuik9z6eqevu6chn2v5
[09:15:06.481][CLIENT][INFO]: Parsing recipe json: custommachinery:kjs_2d6j84yqql8zftx0vd0s5xu9y
[09:15:06.481][CLIENT][INFO]: Successfully read recipe json: custommachinery:kjs_2d6j84yqql8zftx0vd0s5xu9y
[09:15:06.481][CLIENT][INFO]: Parsing recipe json: custommachinery:kjs_47p2bsjmacft2ov1w5ik6pa9
[09:15:06.481][CLIENT][INFO]: Successfully read recipe json: custommachinery:kjs_47p2bsjmacft2ov1w5ik6pa9
[09:15:06.481][CLIENT][INFO]: Parsing recipe json: custommachinery:kjs_3qvax96wb6jnf366yn4bw4nme
[09:15:06.481][CLIENT][INFO]: Successfully read recipe json: custommachinery:kjs_3qvax96wb6jnf366yn4bw4nme
[09:15:06.481][CLIENT][INFO]: Parsing recipe json: custommachinery:kjs_9kc5dae2e7ni6sj0kk1s04uz4
[09:15:06.481][CLIENT][INFO]: Successfully read recipe json: custommachinery:kjs_9kc5dae2e7ni6sj0kk1s04uz4
[09:15:06.481][CLIENT][INFO]: Parsing recipe json: custommachinery:kjs_97lvw7s2yd7y6we4punv85joi
[09:15:06.481][CLIENT][INFO]: Successfully read recipe json: custommachinery:kjs_97lvw7s2yd7y6we4punv85joi
[09:15:06.482][CLIENT][INFO]: Parsing recipe json: custommachinery:kjs_2ajstfae1raviic0wcq1e15c1
[09:15:06.482][CLIENT][INFO]: Successfully read recipe json: custommachinery:kjs_2ajstfae1raviic0wcq1e15c1
[09:15:06.482][CLIENT][INFO]: Parsing recipe json: custommachinery:kjs_ey9xh2cv3f13y9y7x7bjsst0y
[09:15:06.482][CLIENT][INFO]: Successfully read recipe json: custommachinery:kjs_ey9xh2cv3f13y9y7x7bjsst0y
[09:15:06.482][CLIENT][INFO]: Parsing recipe json: custommachinery:kjs_26wbh4aape293rish34xjt7k5
[09:15:06.482][CLIENT][INFO]: Successfully read recipe json: custommachinery:kjs_26wbh4aape293rish34xjt7k5
[09:15:06.482][CLIENT][INFO]: Parsing recipe json: custommachinery:kjs_1tu3ywx8tg5kgggr3m44kbqxx
[09:15:06.482][CLIENT][INFO]: Successfully read recipe json: custommachinery:kjs_1tu3ywx8tg5kgggr3m44kbqxx
[09:15:06.483][CLIENT][INFO]: Parsing recipe json: custommachinery:kjs_52um4kkfz7qf5ot31gf41v7fx
[09:15:06.483][CLIENT][INFO]: Successfully read recipe json: custommachinery:kjs_52um4kkfz7qf5ot31gf41v7fx
[09:15:06.483][CLIENT][INFO]: Parsing recipe json: custommachinery:kjs_9o4jtw9o8l6u6eala2obdjpp7
[09:15:06.483][CLIENT][INFO]: Successfully read recipe json: custommachinery:kjs_9o4jtw9o8l6u6eala2obdjpp7
[09:15:06.483][CLIENT][INFO]: Parsing recipe json: custommachinery:kjs_c26blbjuat581zocyzp62ftci
[09:15:06.483][CLIENT][INFO]: Successfully read recipe json: custommachinery:kjs_c26blbjuat581zocyzp62ftci
[09:15:06.483][CLIENT][INFO]: Parsing recipe json: custommachinery:kjs_dyc07xknsipxvcd8nzpqoztmp
[09:15:06.483][CLIENT][INFO]: Successfully read recipe json: custommachinery:kjs_dyc07xknsipxvcd8nzpqoztmp
[09:15:06.483][CLIENT][INFO]: Parsing recipe json: custommachinery:kjs_5d0zk2s73uuabzvwb8rebk3ie
[09:15:06.484][CLIENT][INFO]: Successfully read recipe json: custommachinery:kjs_5d0zk2s73uuabzvwb8rebk3ie
[09:15:06.484][CLIENT][INFO]: Parsing recipe json: custommachinery:kjs_eax9xa53eytxqdd61ak898z7h
[09:15:06.484][CLIENT][INFO]: Successfully read recipe json: custommachinery:kjs_eax9xa53eytxqdd61ak898z7h
[09:15:06.484][CLIENT][INFO]: Parsing recipe json: custommachinery:kjs_7myl4fs4qtuolb7c5k7hc4arf
[09:15:06.485][CLIENT][INFO]: Successfully read recipe json: custommachinery:kjs_7myl4fs4qtuolb7c5k7hc4arf
[09:15:06.485][CLIENT][INFO]: Parsing recipe json: custommachinery:kjs_c2c174pcbptaad3x2s13zqmec
[09:15:06.485][CLIENT][INFO]: Successfully read recipe json: custommachinery:kjs_c2c174pcbptaad3x2s13zqmec
[09:15:06.485][CLIENT][INFO]: Parsing recipe json: custommachinery:kjs_3np0utx7p277f4fi1unp0klg9
[09:15:06.485][CLIENT][INFO]: Successfully read recipe json: custommachinery:kjs_3np0utx7p277f4fi1unp0klg9
[09:15:06.485][CLIENT][INFO]: Parsing recipe json: custommachinery:kjs_1nrm88f3j5yrjajqv6p7e1w48
[09:15:06.485][CLIENT][INFO]: Successfully read recipe json: custommachinery:kjs_1nrm88f3j5yrjajqv6p7e1w48
[09:15:06.485][CLIENT][INFO]: Parsing recipe json: custommachinery:kjs_9jboy1t7iatykki7y9co2ada8
[09:15:06.486][CLIENT][INFO]: Successfully read recipe json: custommachinery:kjs_9jboy1t7iatykki7y9co2ada8
[09:15:06.486][CLIENT][INFO]: Parsing recipe json: custommachinery:kjs_1nclenim6dkmvm59cgnw0ntrc
[09:15:06.486][CLIENT][INFO]: Successfully read recipe json: custommachinery:kjs_1nclenim6dkmvm59cgnw0ntrc
[09:15:06.486][CLIENT][INFO]: Parsing recipe json: custommachinery:kjs_5g2q62dkavqwfmwmo30rxeenk
[09:15:06.486][CLIENT][INFO]: Successfully read recipe json: custommachinery:kjs_5g2q62dkavqwfmwmo30rxeenk
[09:15:06.486][CLIENT][INFO]: Parsing recipe json: custommachinery:kjs_8oo1i811r6jqaygkoz5f870fr
[09:15:06.486][CLIENT][INFO]: Successfully read recipe json: custommachinery:kjs_8oo1i811r6jqaygkoz5f870fr
[09:15:06.487][CLIENT][INFO]: Parsing recipe json: custommachinery:kjs_a9ka5jsadghqjr9dlpkwnihu3
[09:15:06.487][CLIENT][INFO]: Successfully read recipe json: custommachinery:kjs_a9ka5jsadghqjr9dlpkwnihu3
[09:15:06.487][CLIENT][INFO]: Parsing recipe json: custommachinery:kjs_15yut7f8hqzyn0orgxwk31e7f
[09:15:06.487][CLIENT][INFO]: Successfully read recipe json: custommachinery:kjs_15yut7f8hqzyn0orgxwk31e7f
[09:15:06.487][CLIENT][INFO]: Parsing recipe json: custommachinery:kjs_616p86g2vup34kg5yos9z1j
[09:15:06.487][CLIENT][INFO]: Successfully read recipe json: custommachinery:kjs_616p86g2vup34kg5yos9z1j
[09:15:06.487][CLIENT][INFO]: Parsing recipe json: custommachinery:kjs_486y6vnfwpi1s48gp5pcmltj5
[09:15:06.487][CLIENT][INFO]: Successfully read recipe json: custommachinery:kjs_486y6vnfwpi1s48gp5pcmltj5
[09:15:06.487][CLIENT][INFO]: Parsing recipe json: custommachinery:kjs_8t4n8gft848wpzbrdk8w90wnt
[09:15:06.487][CLIENT][INFO]: Successfully read recipe json: custommachinery:kjs_8t4n8gft848wpzbrdk8w90wnt
[09:15:06.488][CLIENT][INFO]: Parsing recipe json: custommachinery:kjs_6ram1z70xmszdhor9zry0hjmf
[09:15:06.488][CLIENT][INFO]: Successfully read recipe json: custommachinery:kjs_6ram1z70xmszdhor9zry0hjmf
[09:15:06.488][CLIENT][INFO]: Parsing recipe json: custommachinery:kjs_853x6mxerkavnylqp1zzdpgf6
[09:15:06.488][CLIENT][INFO]: Successfully read recipe json: custommachinery:kjs_853x6mxerkavnylqp1zzdpgf6
[09:15:06.488][CLIENT][INFO]: Parsing recipe json: custommachinery:kjs_1nnurijcm15k8ajovcacug5f2
[09:15:06.488][CLIENT][INFO]: Successfully read recipe json: custommachinery:kjs_1nnurijcm15k8ajovcacug5f2
[09:15:06.488][CLIENT][INFO]: Parsing recipe json: custommachinery:kjs_72puxoouf76l4vhcz8s7lgt6t
[09:15:06.488][CLIENT][INFO]: Successfully read recipe json: custommachinery:kjs_72puxoouf76l4vhcz8s7lgt6t
[09:15:06.488][CLIENT][INFO]: Parsing recipe json: custommachinery:kjs_bdeaes2sysh5qsshb5dpr53fe
[09:15:06.488][CLIENT][INFO]: Successfully read recipe json: custommachinery:kjs_bdeaes2sysh5qsshb5dpr53fe
[09:15:06.489][CLIENT][INFO]: Parsing recipe json: custommachinery:kjs_f2b2cuk1am39vlhxlck23zopy
[09:15:06.489][CLIENT][INFO]: Successfully read recipe json: custommachinery:kjs_f2b2cuk1am39vlhxlck23zopy
[09:15:06.489][CLIENT][INFO]: Parsing recipe json: custommachinery:kjs_a3q0rfbimti1wgxuc93orz55y
[09:15:06.489][CLIENT][INFO]: Successfully read recipe json: custommachinery:kjs_a3q0rfbimti1wgxuc93orz55y
[09:15:06.490][CLIENT][INFO]: Parsing recipe json: custommachinery:kjs_ddbpjc2lwu9j9dockapcyqpdw
[09:15:06.490][CLIENT][INFO]: Successfully read recipe json: custommachinery:kjs_ddbpjc2lwu9j9dockapcyqpdw
[09:15:06.490][CLIENT][INFO]: Parsing recipe json: custommachinery:kjs_1s63ws4fb82bg05xyimiju49a
[09:15:06.490][CLIENT][INFO]: Successfully read recipe json: custommachinery:kjs_1s63ws4fb82bg05xyimiju49a
[09:15:06.490][CLIENT][INFO]: Parsing recipe json: custommachinery:kjs_7f4a9sjxl0vutmecbozhoboam
[09:15:06.490][CLIENT][INFO]: Successfully read recipe json: custommachinery:kjs_7f4a9sjxl0vutmecbozhoboam
[09:15:06.490][CLIENT][INFO]: Parsing recipe json: custommachinery:kjs_ba4dhmnmbhbzr3trhl83cdnox
[09:15:06.490][CLIENT][INFO]: Successfully read recipe json: custommachinery:kjs_ba4dhmnmbhbzr3trhl83cdnox
[09:15:06.491][CLIENT][INFO]: Parsing recipe json: custommachinery:kjs_36k39ad8dajgvw94htqgrryvz
[09:15:06.491][CLIENT][INFO]: Successfully read recipe json: custommachinery:kjs_36k39ad8dajgvw94htqgrryvz
[09:15:06.491][CLIENT][INFO]: Parsing recipe json: custommachinery:kjs_5rf2ddg8wljyffyo2m20z2x9b
[09:15:06.491][CLIENT][INFO]: Successfully read recipe json: custommachinery:kjs_5rf2ddg8wljyffyo2m20z2x9b
[09:15:06.491][CLIENT][INFO]: Parsing recipe json: custommachinery:kjs_a0cp2yn8x727txy6yd5p1z6vs
[09:15:06.491][CLIENT][INFO]: Successfully read recipe json: custommachinery:kjs_a0cp2yn8x727txy6yd5p1z6vs
[09:15:06.491][CLIENT][INFO]: Parsing recipe json: custommachinery:kjs_hf26od0c9qqo6eu69pne71vt
[09:15:06.491][CLIENT][INFO]: Successfully read recipe json: custommachinery:kjs_hf26od0c9qqo6eu69pne71vt
[09:15:06.491][CLIENT][INFO]: Parsing recipe json: custommachinery:kjs_4i9hcs1ouilqrsgfpzu05hm8x
[09:15:06.491][CLIENT][INFO]: Successfully read recipe json: custommachinery:kjs_4i9hcs1ouilqrsgfpzu05hm8x
[09:15:06.491][CLIENT][INFO]: Parsing recipe json: custommachinery:kjs_92ozbwvsxdlkkb5dluxid3yb6
[09:15:06.492][CLIENT][INFO]: Successfully read recipe json: custommachinery:kjs_92ozbwvsxdlkkb5dluxid3yb6
[09:15:06.492][CLIENT][INFO]: Parsing recipe json: custommachinery:kjs_9kvb0ss4uv86rp0rkt1c8x7w6
[09:15:06.494][CLIENT][INFO]: Successfully read recipe json: custommachinery:kjs_9kvb0ss4uv86rp0rkt1c8x7w6
[09:15:06.495][CLIENT][INFO]: Parsing recipe json: custommachinery:kjs_bfuqm6ba6m8oecenr5ldiyhda
[09:15:06.495][CLIENT][INFO]: Successfully read recipe json: custommachinery:kjs_bfuqm6ba6m8oecenr5ldiyhda
[09:15:13.691][CLIENT][INFO]: Reading Custom Machinery Machines...
[09:15:13.692][CLIENT][INFO]: Parsing machine json: custommachinery:chemical_mixer in datapack: custommachinery
[09:15:13.695][CLIENT][WARN]: Error while deserializing optional property "mode" of type: ComponentIOMode
Not a valid ComponentIOMode: upgrade
No enum constant fr.frinn.custommachinery.api.component.ComponentIOMode.UPGRADE
Using default value: both
[09:15:13.696][CLIENT][INFO]: Successfully parsed machine json: custommachinery:chemical_mixer
[09:15:13.697][CLIENT][INFO]: Parsing machine json: custommachinery:accelerator in datapack: custommachinery
[09:15:13.697][CLIENT][WARN]: Error while deserializing optional property "mode" of type: ComponentIOMode
Not a valid ComponentIOMode: upgrade
No enum constant fr.frinn.custommachinery.api.component.ComponentIOMode.UPGRADE
Using default value: both
[09:15:13.697][CLIENT][INFO]: Successfully parsed machine json: custommachinery:accelerator
[09:15:13.698][CLIENT][INFO]: Parsing machine json: custommachinery:collision_chamber in datapack: custommachinery
[09:15:13.699][CLIENT][WARN]: Error while deserializing optional property "mode" of type: ComponentIOMode
Not a valid ComponentIOMode: upgrade
No enum constant fr.frinn.custommachinery.api.component.ComponentIOMode.UPGRADE
Using default value: both
[09:15:13.699][CLIENT][INFO]: Successfully parsed machine json: custommachinery:collision_chamber
[09:15:13.699][CLIENT][INFO]: Parsing machine json: custommachinery:pollution_capture_plant in datapack: custommachinery
[09:15:13.699][CLIENT][INFO]: Successfully parsed machine json: custommachinery:pollution_capture_plant
[09:15:13.700][CLIENT][INFO]: Parsing machine json: custommachinery:fuel_reprocessor in datapack: custommachinery
[09:15:13.700][CLIENT][WARN]: Error while deserializing optional property "mode" of type: ComponentIOMode
Not a valid ComponentIOMode: upgrade
No enum constant fr.frinn.custommachinery.api.component.ComponentIOMode.UPGRADE
Using default value: both
[09:15:13.700][CLIENT][INFO]: Successfully parsed machine json: custommachinery:fuel_reprocessor
[09:15:13.701][CLIENT][INFO]: Parsing machine json: custommachinery:chemical_reactor in datapack: custommachinery
[09:15:13.701][CLIENT][WARN]: Error while deserializing optional property "mode" of type: ComponentIOMode
Not a valid ComponentIOMode: upgrade
No enum constant fr.frinn.custommachinery.api.component.ComponentIOMode.UPGRADE
Using default value: both
[09:15:13.701][CLIENT][INFO]: Successfully parsed machine json: custommachinery:chemical_reactor
[09:15:13.702][CLIENT][INFO]: Parsing machine json: custommachinery:assembler in datapack: custommachinery
[09:15:13.702][CLIENT][INFO]: Successfully parsed machine json: custommachinery:assembler
[09:15:13.702][CLIENT][INFO]: Parsing machine json: custommachinery:clean_room in datapack: custommachinery
[09:15:13.703][CLIENT][INFO]: Successfully parsed machine json: custommachinery:clean_room
[09:15:13.704][CLIENT][INFO]: Parsing machine json: custommachinery:fluid_centrifuge in datapack: custommachinery
[09:15:13.704][CLIENT][WARN]: Error while deserializing optional property "mode" of type: ComponentIOMode
Not a valid ComponentIOMode: upgrade
No enum constant fr.frinn.custommachinery.api.component.ComponentIOMode.UPGRADE
Using default value: both
[09:15:13.704][CLIENT][INFO]: Successfully parsed machine json: custommachinery:fluid_centrifuge
[09:15:13.705][CLIENT][INFO]: Parsing machine json: custommachinery:isotope_separator in datapack: custommachinery
[09:15:13.706][CLIENT][WARN]: Error while deserializing optional property "mode" of type: ComponentIOMode
Not a valid ComponentIOMode: upgrade
No enum constant fr.frinn.custommachinery.api.component.ComponentIOMode.UPGRADE
Using default value: both
[09:15:13.706][CLIENT][INFO]: Successfully parsed machine json: custommachinery:isotope_separator
[09:15:13.706][CLIENT][INFO]: Parsing machine json: custommachinery:ore_leacher in datapack: custommachinery
[09:15:13.707][CLIENT][WARN]: Error while deserializing optional property "mode" of type: ComponentIOMode
Not a valid ComponentIOMode: upgrade
No enum constant fr.frinn.custommachinery.api.component.ComponentIOMode.UPGRADE
Using default value: both
[09:15:13.707][CLIENT][INFO]: Successfully parsed machine json: custommachinery:ore_leacher
[09:15:13.708][CLIENT][INFO]: Parsing machine json: custommachinery:slice_n_splice in datapack: custommachinery
[09:15:13.708][CLIENT][INFO]: Successfully parsed machine json: custommachinery:slice_n_splice
[09:15:13.708][CLIENT][INFO]: Finished creating custom machines.
[09:15:13.708][CLIENT][INFO]: Reading Custom Machinery Upgrades...
[09:15:13.709][CLIENT][INFO]: Parsing upgrade json: custommachinery:basic_upgrade in datapack: main
[09:15:13.709][CLIENT][INFO]: Successfully parsed upgrade json: custommachinery:basic_upgrade
[09:15:13.709][CLIENT][INFO]: Finished creating custom machine upgrades.
